[28/May/2023:14:35:15 +0800] GET 200 localhost /found 0.433
[28/May/2023:14:40:05 +0800] GET 200 localhost /found 0.147
[28/May/2023:14:40:10 +0800] GET 200 localhost /found 0.152
[28/May/2023:14:40:16 +0800] GET 200 localhost /found/2 0.098
[28/May/2023:14:41:06 +0800] GET 200 localhost /found 0.167
[28/May/2023:14:41:15 +0800] GET 200 localhost /found 0.140
[28/May/2023:14:41:17 +0800] GET 200 localhost /found 0.139
[28/May/2023:14:41:19 +0800] GET 200 localhost /found 0.094
[28/May/2023:14:41:24 +0800] GET 200 localhost /found 0.141
[28/May/2023:14:41:52 +0800] GET 200 localhost /found 0.141
[28/May/2023:14:41:52 +0800] GET 200 localhost /found 0.108
[28/May/2023:14:41:55 +0800] GET 200 localhost /found/2 0.096
[28/May/2023:14:43:06 +0800] GET 200 localhost /found 0.144
[28/May/2023:14:43:08 +0800] GET 200 localhost /found/2 0.049
[28/May/2023:14:48:31 +0800] GET 200 localhost /found/2 0.096
[28/May/2023:14:50:27 +0800] GET 200 localhost /found/2 0.121
[28/May/2023:14:51:22 +0800] GET 200 localhost /found/2 0.091
[28/May/2023:14:51:25 +0800] GET 200 localhost /found 0.137
[28/May/2023:14:52:15 +0800] GET 200 localhost /found 0.141
[28/May/2023:14:52:18 +0800] GET 200 localhost /found 0.145
[28/May/2023:14:52:56 +0800] GET 404 localhost /transaction 0.020
[28/May/2023:14:55:12 +0800] GET 200 localhost /found 0.154
[28/May/2023:14:55:36 +0800] GET 200 localhost /found 0.151
[28/May/2023:14:56:13 +0800] GET 200 localhost /found 0.154
[28/May/2023:14:56:35 +0800] GET 200 localhost /found 0.195
[28/May/2023:14:56:40 +0800] GET 200 localhost /found 0.158
[28/May/2023:14:56:42 +0800] GET 200 localhost /found 0.172
[28/May/2023:14:57:04 +0800] GET 200 localhost /found 0.197
[28/May/2023:14:57:07 +0800] GET 200 localhost /found 0.141
[28/May/2023:14:57:34 +0800] GET 200 localhost /found 0.138
[28/May/2023:14:57:47 +0800] GET 200 localhost /found 0.136
[28/May/2023:14:57:57 +0800] GET 200 localhost /found 0.166
[28/May/2023:14:58:01 +0800] GET 200 localhost /found 0.144
[28/May/2023:14:58:26 +0800] GET 200 localhost /found 0.141
[28/May/2023:14:58:46 +0800] GET 200 localhost /found 0.164
[28/May/2023:14:58:57 +0800] GET 200 localhost /found 0.260
[28/May/2023:14:58:58 +0800] GET 200 localhost /found/2 0.065
[28/May/2023:14:59:27 +0800] GET 200 localhost /found 0.142
[28/May/2023:14:59:30 +0800] GET 200 localhost /found 0.157
[28/May/2023:14:59:31 +0800] GET 200 localhost /found 0.116
[28/May/2023:14:59:32 +0800] GET 200 localhost /found/2 0.058
[28/May/2023:14:59:48 +0800] GET 200 localhost /found 0.143
[28/May/2023:14:59:53 +0800] GET 200 localhost /found 0.142
[28/May/2023:14:59:57 +0800] GET 200 localhost /found/2 0.090
[28/May/2023:15:00:07 +0800] GET 200 localhost /found 0.256
[28/May/2023:15:00:08 +0800] GET 200 localhost /found/2 0.162
[28/May/2023:15:00:18 +0800] GET 200 localhost /found 0.142
[28/May/2023:15:00:19 +0800] GET 200 localhost /found 0.093
[28/May/2023:15:00:26 +0800] GET 200 localhost /found 0.141
[28/May/2023:15:00:27 +0800] GET 200 localhost /found/2 0.047
[28/May/2023:15:00:46 +0800] GET 200 localhost /found 0.203
[28/May/2023:15:00:54 +0800] GET 200 localhost /found/2 0.102
[28/May/2023:15:01:21 +0800] GET 200 localhost /found 0.422
[28/May/2023:15:01:22 +0800] GET 200 localhost /found/2 0.052
[28/May/2023:15:01:38 +0800] GET 200 localhost /found 0.177
[28/May/2023:15:01:51 +0800] GET 200 localhost /found 0.146
[28/May/2023:15:01:55 +0800] GET 200 localhost /found 0.141
[28/May/2023:15:01:56 +0800] GET 200 localhost /found/2 0.049
[28/May/2023:15:02:19 +0800] GET 200 localhost /found 0.155
[28/May/2023:15:02:21 +0800] GET 200 localhost /found 0.100
[28/May/2023:15:02:25 +0800] GET 200 localhost /found/2 0.093
[28/May/2023:15:02:41 +0800] GET 200 localhost /found 0.138
[28/May/2023:15:02:42 +0800] GET 200 localhost /found 0.092
[28/May/2023:15:02:44 +0800] GET 200 localhost /found 0.092
[28/May/2023:15:02:49 +0800] GET 200 localhost /found 0.145
[28/May/2023:15:02:52 +0800] GET 200 localhost /found 0.159
[28/May/2023:15:02:55 +0800] GET 200 localhost /found 0.136
[28/May/2023:15:02:59 +0800] GET 200 localhost /found 0.138
[28/May/2023:15:03:04 +0800] GET 200 localhost /found 0.138
[28/May/2023:15:03:05 +0800] GET 200 localhost /found/2 0.050
[28/May/2023:15:03:50 +0800] GET 200 localhost /found 0.141
[28/May/2023:15:03:53 +0800] GET 200 localhost /found/2 0.101
[28/May/2023:15:05:34 +0800] GET 200 localhost /found 0.208
[28/May/2023:15:05:36 +0800] GET 200 localhost /found/2 0.046
[28/May/2023:15:07:57 +0800] GET 200 localhost /found 0.145
[28/May/2023:15:07:58 +0800] GET 200 localhost /found/2 0.051
[28/May/2023:15:09:13 +0800] GET 200 localhost /found 0.176
[28/May/2023:15:09:21 +0800] GET 200 localhost /found 0.153
[28/May/2023:15:09:23 +0800] GET 200 localhost /found 0.152
[28/May/2023:15:09:28 +0800] GET 200 localhost /found 0.140
[28/May/2023:15:09:30 +0800] GET 200 localhost /found 0.093
[28/May/2023:15:09:32 +0800] GET 200 localhost /found 0.144
[28/May/2023:15:09:34 +0800] GET 200 localhost /found 0.095
[28/May/2023:15:09:42 +0800] GET 200 localhost /found 0.145
[28/May/2023:15:10:03 +0800] GET 200 localhost /found 0.152
[28/May/2023:15:10:19 +0800] GET 200 localhost /found 0.149
[28/May/2023:15:10:25 +0800] GET 200 localhost /found 0.177
[28/May/2023:15:10:28 +0800] GET 200 localhost /found 0.137
[28/May/2023:15:10:32 +0800] GET 200 localhost /found 0.137
[28/May/2023:15:10:35 +0800] GET 200 localhost /found 0.164
[28/May/2023:15:10:41 +0800] GET 200 localhost /found 0.158
[28/May/2023:15:10:42 +0800] GET 200 localhost /found 0.092
[28/May/2023:15:10:43 +0800] GET 200 localhost /found 0.092
[28/May/2023:15:10:49 +0800] GET 200 localhost /found 0.147
[28/May/2023:15:10:52 +0800] GET 200 localhost /found 0.142
[28/May/2023:15:10:59 +0800] GET 200 localhost /found 0.140
[28/May/2023:15:11:02 +0800] GET 200 localhost /found 0.133
[28/May/2023:15:11:06 +0800] GET 200 localhost /found 0.143
[28/May/2023:15:11:22 +0800] GET 200 localhost /found 0.138
[28/May/2023:15:11:26 +0800] GET 200 localhost /found 0.137
[28/May/2023:15:11:31 +0800] GET 200 localhost /found 0.193
[28/May/2023:15:11:36 +0800] GET 200 localhost /found 0.220
[28/May/2023:15:11:38 +0800] GET 200 localhost /found 0.202
[28/May/2023:15:11:39 +0800] GET 200 localhost /found 0.091
[28/May/2023:15:11:41 +0800] GET 200 localhost /found 0.093
[28/May/2023:15:11:42 +0800] GET 200 localhost /found/2 0.050
[28/May/2023:15:11:52 +0800] GET 200 localhost /found 0.175
[28/May/2023:15:11:53 +0800] GET 200 localhost /found 0.095
[28/May/2023:15:12:03 +0800] GET 200 localhost /found 0.143
[28/May/2023:15:12:04 +0800] GET 200 localhost /found/2 0.053
[28/May/2023:15:12:21 +0800] GET 200 localhost /found 0.138
[28/May/2023:15:12:27 +0800] GET 200 localhost /found 0.145
[28/May/2023:15:12:32 +0800] GET 200 localhost /found 0.136
[28/May/2023:15:12:33 +0800] GET 200 localhost /found/2 0.078
[28/May/2023:15:13:26 +0800] GET 200 localhost /found 0.137
[28/May/2023:15:13:27 +0800] GET 200 localhost /found 0.122
[28/May/2023:15:13:33 +0800] GET 200 localhost /found/2 0.092
[28/May/2023:15:14:46 +0800] GET 200 localhost /found 0.142
[28/May/2023:15:14:48 +0800] GET 200 localhost /found 0.094
[28/May/2023:15:14:58 +0800] GET 200 localhost /found 0.138
[28/May/2023:15:15:01 +0800] GET 200 localhost /found 0.162
[28/May/2023:15:15:03 +0800] GET 200 localhost /found 0.112
[28/May/2023:15:15:05 +0800] GET 200 localhost /found 0.093
[28/May/2023:15:15:07 +0800] GET 200 localhost /found 0.145
[28/May/2023:15:15:09 +0800] GET 200 localhost /found 0.093
[28/May/2023:15:15:10 +0800] GET 200 localhost /found/2 0.045
[28/May/2023:15:16:09 +0800] GET 200 localhost /found 0.150
[28/May/2023:15:16:10 +0800] GET 200 localhost /found/2 0.056
[28/May/2023:15:16:41 +0800] GET 200 localhost /found 0.147
[28/May/2023:15:22:59 +0800] GET 200 localhost /found 0.147
[28/May/2023:15:23:28 +0800] GET 200 localhost /found 0.178
[28/May/2023:15:23:33 +0800] GET 200 localhost /found 0.142
[28/May/2023:15:23:39 +0800] GET 200 localhost /found 0.146
[28/May/2023:15:23:42 +0800] GET 200 localhost /found 0.137
[28/May/2023:15:24:12 +0800] GET 200 localhost /found 0.137
[28/May/2023:15:24:14 +0800] GET 200 localhost /found/3 0.045
[28/May/2023:15:24:46 +0800] GET 200 localhost /found 0.139
[28/May/2023:15:24:50 +0800] GET 200 localhost /found 0.280
[28/May/2023:15:24:53 +0800] GET 200 localhost /found 0.242
[28/May/2023:15:25:00 +0800] GET 200 localhost /found 0.162
[28/May/2023:15:25:03 +0800] GET 200 localhost /found 0.138
[28/May/2023:15:25:06 +0800] GET 200 localhost /found/3 0.097
[28/May/2023:15:25:14 +0800] GET 200 localhost /found 0.160
[28/May/2023:15:25:15 +0800] GET 200 localhost /found/2 0.088
[28/May/2023:15:25:30 +0800] GET 200 localhost /found 0.150
[28/May/2023:15:25:31 +0800] GET 200 localhost /found/2 0.047
[28/May/2023:15:28:23 +0800] GET 200 localhost /found 0.153
[28/May/2023:15:28:30 +0800] GET 200 localhost /found 0.139
[28/May/2023:15:28:43 +0800] GET 200 localhost /found 0.141
[28/May/2023:15:29:19 +0800] GET 200 localhost /found 0.146
[28/May/2023:15:29:27 +0800] GET 200 localhost /found 0.141
[28/May/2023:15:42:57 +0800] GET 200 localhost /found 0.908
[28/May/2023:15:43:24 +0800] GET 200 localhost /found 0.146
[28/May/2023:15:43:48 +0800] GET 200 localhost /found 0.165
[28/May/2023:15:44:49 +0800] GET 200 localhost /found 0.208
[28/May/2023:15:44:50 +0800] GET 200 localhost /found 0.094
[28/May/2023:15:44:51 +0800] GET 200 localhost /found/2 0.047
[28/May/2023:15:46:07 +0800] GET 200 localhost /found 0.153
[28/May/2023:15:46:11 +0800] GET 200 localhost /found 0.149
[28/May/2023:15:46:17 +0800] GET 200 localhost /found 0.152
[28/May/2023:15:46:27 +0800] GET 200 localhost /found 0.185
[28/May/2023:15:46:28 +0800] GET 200 localhost /found 0.133
[28/May/2023:15:46:31 +0800] GET 200 localhost /found 0.177
[28/May/2023:15:47:03 +0800] GET 200 localhost /found 0.152
[28/May/2023:15:47:37 +0800] GET 200 localhost /found 0.149
[28/May/2023:15:48:24 +0800] GET 200 localhost /found 0.146
[28/May/2023:15:48:26 +0800] GET 200 localhost /found 0.147
[28/May/2023:15:48:59 +0800] GET 200 localhost /found 0.150
[28/May/2023:15:49:07 +0800] GET 200 localhost /found 0.173
[28/May/2023:15:49:11 +0800] GET 200 localhost /found 0.155
[28/May/2023:15:49:15 +0800] GET 200 localhost /found 0.151
[28/May/2023:15:49:23 +0800] GET 200 localhost /found 0.237
[28/May/2023:15:49:26 +0800] GET 200 localhost /found/2 0.158
[28/May/2023:15:49:37 +0800] GET 200 localhost /found 0.143
[28/May/2023:15:49:44 +0800] GET 200 localhost /found 0.283
[28/May/2023:15:49:45 +0800] GET 200 localhost /found 0.096
[28/May/2023:15:49:50 +0800] GET 200 localhost /found/2 0.126
[28/May/2023:15:50:10 +0800] GET 200 localhost /found 0.163
[28/May/2023:15:50:19 +0800] GET 200 localhost /found 0.465
[28/May/2023:15:50:23 +0800] GET 200 localhost /found 0.140
[28/May/2023:15:50:37 +0800] GET 200 localhost /found 0.143
[28/May/2023:15:50:38 +0800] GET 200 localhost /found/2 0.186
[28/May/2023:15:51:22 +0800] GET 200 localhost /found 0.155
[28/May/2023:15:51:24 +0800] GET 200 localhost /found/2 0.111
[28/May/2023:15:51:32 +0800] GET 200 localhost /found 0.144
[28/May/2023:15:51:40 +0800] GET 200 localhost /found/3 0.115
[28/May/2023:15:53:21 +0800] GET 200 localhost /found 0.170
[28/May/2023:15:53:34 +0800] GET 200 localhost /found 0.163
[28/May/2023:15:53:42 +0800] GET 200 localhost /found 0.153
[28/May/2023:15:53:46 +0800] GET 200 localhost /found 0.158
[28/May/2023:15:53:48 +0800] GET 200 localhost /found 0.097
[28/May/2023:15:53:49 +0800] GET 200 localhost /found/2 0.049
[28/May/2023:15:55:12 +0800] GET 200 localhost /found 0.166
[28/May/2023:15:55:20 +0800] GET 200 localhost /found 0.166
[28/May/2023:15:55:22 +0800] GET 200 localhost /found 0.172
[28/May/2023:15:55:23 +0800] GET 200 localhost /found/2 0.066
[28/May/2023:15:56:23 +0800] GET 200 localhost /found 0.257
[28/May/2023:15:56:26 +0800] GET 200 localhost /found 0.156
[28/May/2023:15:56:28 +0800] GET 200 localhost /found 0.115
[28/May/2023:15:56:50 +0800] GET 200 localhost /found 0.509
[28/May/2023:15:56:51 +0800] GET 200 localhost /found 0.127
[28/May/2023:15:56:52 +0800] GET 200 localhost /found 0.234
[28/May/2023:15:56:53 +0800] GET 200 localhost /found/3 0.049
[28/May/2023:15:57:27 +0800] GET 200 localhost /found 0.187
[28/May/2023:15:57:36 +0800] GET 200 localhost /found 0.165
[28/May/2023:15:57:44 +0800] GET 200 localhost /found 0.156
[28/May/2023:15:58:00 +0800] GET 200 localhost /found 0.436
[28/May/2023:15:58:06 +0800] GET 200 localhost /found 0.164
[28/May/2023:15:58:22 +0800] GET 200 localhost /found 0.232
[28/May/2023:15:58:27 +0800] GET 200 localhost /found 0.145
[28/May/2023:15:58:34 +0800] GET 200 localhost /found 0.148
[28/May/2023:15:58:38 +0800] GET 200 localhost /found 0.147
[28/May/2023:15:58:45 +0800] GET 200 localhost /found 0.143
[28/May/2023:15:58:47 +0800] GET 200 localhost /found 0.201
[28/May/2023:15:58:54 +0800] GET 200 localhost /found 0.148
[28/May/2023:15:58:55 +0800] GET 200 localhost /found 0.094
[28/May/2023:15:58:57 +0800] GET 200 localhost /found 0.116
[28/May/2023:15:58:58 +0800] GET 200 localhost /found 0.101
[28/May/2023:15:59:33 +0800] GET 200 localhost /found 0.191
[28/May/2023:15:59:38 +0800] GET 200 localhost /found 0.157
[28/May/2023:15:59:40 +0800] GET 200 localhost /found 0.123
[28/May/2023:15:59:43 +0800] GET 200 localhost /found 0.163
[28/May/2023:15:59:53 +0800] GET 200 localhost /found 0.236
[28/May/2023:15:59:54 +0800] GET 200 localhost /found/2 0.049
[28/May/2023:16:00:17 +0800] GET 200 localhost /found 0.142
[28/May/2023:16:00:19 +0800] GET 200 localhost /found/2 0.104
[28/May/2023:16:01:17 +0800] GET 200 localhost /found 0.144
[28/May/2023:16:01:27 +0800] GET 200 localhost /found 0.146
[28/May/2023:16:01:29 +0800] GET 200 localhost /found 0.094
[28/May/2023:16:01:30 +0800] GET 200 localhost /found/2 0.047
[28/May/2023:16:02:10 +0800] GET 200 localhost /found 0.144
[28/May/2023:16:02:12 +0800] GET 200 localhost /found/2 0.131
[28/May/2023:16:02:24 +0800] GET 200 localhost /found 0.167
[28/May/2023:16:02:35 +0800] GET 200 localhost /found 0.139
[28/May/2023:16:02:45 +0800] GET 200 localhost /found 0.173
[28/May/2023:16:02:46 +0800] GET 200 localhost /found/2 0.047
[28/May/2023:16:02:54 +0800] GET 200 localhost /found 0.204
[28/May/2023:16:02:55 +0800] GET 200 localhost /found/2 0.046
[28/May/2023:16:03:24 +0800] GET 200 localhost /found 0.146
[28/May/2023:16:03:25 +0800] GET 200 localhost /found 0.095
[28/May/2023:16:03:29 +0800] GET 200 localhost /found 0.172
[28/May/2023:16:03:31 +0800] GET 200 localhost /found 0.095
[28/May/2023:16:03:36 +0800] GET 200 localhost /found 0.251
[28/May/2023:16:03:41 +0800] GET 200 localhost /found 0.146
[28/May/2023:16:04:05 +0800] GET 200 localhost /found 0.448
[28/May/2023:16:04:06 +0800] GET 200 localhost /found 0.093
[28/May/2023:16:04:27 +0800] GET 200 localhost /found 0.146
[28/May/2023:16:04:29 +0800] GET 200 localhost /found 0.146
[28/May/2023:16:04:34 +0800] GET 200 localhost /found 0.163
[28/May/2023:16:04:35 +0800] GET 200 localhost /found 0.108
[28/May/2023:16:04:42 +0800] GET 200 localhost /found 0.146
[28/May/2023:16:04:48 +0800] GET 200 localhost /found 0.143
[28/May/2023:16:04:49 +0800] GET 200 localhost /found 0.094
[28/May/2023:16:04:51 +0800] GET 200 localhost /found 0.093
[28/May/2023:16:04:55 +0800] GET 200 localhost /found 0.146
[28/May/2023:16:04:58 +0800] GET 200 localhost /found 0.158
[28/May/2023:16:04:59 +0800] GET 200 localhost /found 0.096
[28/May/2023:16:05:18 +0800] GET 200 localhost /found/2 0.115
[28/May/2023:16:06:11 +0800] GET 200 localhost /found 0.147
[28/May/2023:16:06:12 +0800] GET 200 localhost /found/2 0.048
[28/May/2023:16:06:41 +0800] GET 200 localhost /found 0.147
[28/May/2023:16:06:42 +0800] GET 200 localhost /found 0.093
[28/May/2023:16:06:44 +0800] GET 200 localhost /found 0.145
[28/May/2023:16:06:48 +0800] GET 200 localhost /found 0.146
[28/May/2023:16:06:53 +0800] GET 200 localhost /found 0.193
[28/May/2023:16:06:55 +0800] GET 200 localhost /found 0.287
[28/May/2023:16:06:56 +0800] GET 200 localhost /found/2 0.047
[28/May/2023:16:07:23 +0800] GET 200 localhost /found 0.158
[28/May/2023:16:07:25 +0800] GET 200 localhost /found 0.095
[28/May/2023:16:08:35 +0800] GET 200 localhost /found/2 0.097
[28/May/2023:16:08:47 +0800] GET 200 localhost /found 0.159
[28/May/2023:16:08:48 +0800] GET 200 localhost /found/3 0.048
[28/May/2023:16:09:25 +0800] GET 200 localhost /found 0.152
[28/May/2023:16:09:29 +0800] GET 200 localhost /found 0.149
[28/May/2023:16:09:40 +0800] GET 200 localhost /found 0.159
[28/May/2023:16:09:44 +0800] GET 200 localhost /found 0.144
[28/May/2023:16:09:48 +0800] GET 200 localhost /found 0.140
[28/May/2023:16:09:50 +0800] GET 200 localhost /found 0.227
[28/May/2023:16:10:02 +0800] GET 200 localhost /found 0.148
[28/May/2023:16:10:17 +0800] GET 200 localhost /found 0.141
[28/May/2023:16:10:31 +0800] GET 200 localhost /found 0.144
[28/May/2023:16:10:35 +0800] GET 200 localhost /found 0.158
[28/May/2023:16:10:42 +0800] GET 200 localhost /found 0.139
[28/May/2023:16:11:13 +0800] GET 200 localhost /found 0.189
[28/May/2023:16:11:15 +0800] GET 200 localhost /found 0.146
[28/May/2023:16:11:23 +0800] GET 200 localhost /found 0.170
[28/May/2023:16:11:24 +0800] GET 200 localhost /found 0.110
[28/May/2023:16:11:25 +0800] GET 200 localhost /found 0.097
[28/May/2023:16:11:27 +0800] GET 200 localhost /found 0.125
[28/May/2023:16:11:29 +0800] GET 200 localhost /found 0.100
[28/May/2023:16:11:33 +0800] GET 200 localhost /found 0.159
[28/May/2023:16:11:41 +0800] GET 200 localhost /found 0.145
[28/May/2023:16:12:00 +0800] GET 200 localhost /found 0.154
[28/May/2023:16:12:06 +0800] GET 200 localhost /found 0.151
[28/May/2023:16:12:09 +0800] GET 200 localhost /found 0.142
[28/May/2023:16:12:53 +0800] GET 200 localhost /found/2 0.148
[28/May/2023:16:13:09 +0800] GET 200 localhost /found 0.164
[28/May/2023:16:13:14 +0800] GET 200 localhost /found 0.140
[28/May/2023:16:13:18 +0800] GET 200 localhost /found 0.170
[28/May/2023:16:13:20 +0800] GET 200 localhost /found 0.092
[28/May/2023:16:13:24 +0800] GET 200 localhost /found 0.188
[28/May/2023:16:13:34 +0800] GET 200 localhost /found 0.240
[28/May/2023:16:13:34 +0800] GET 200 localhost /found/2 0.055
[28/May/2023:16:13:41 +0800] GET 200 localhost /found 0.188
[28/May/2023:16:13:42 +0800] GET 200 localhost /found/2 0.047
[28/May/2023:16:13:47 +0800] GET 200 localhost /found/6 0.091
[28/May/2023:16:13:49 +0800] GET 200 localhost /found 0.141
[28/May/2023:16:13:50 +0800] GET 200 localhost /found/54 0.046
[28/May/2023:16:13:54 +0800] GET 200 localhost /found/1 0.094
[28/May/2023:16:16:09 +0800] GET 200 localhost /found 0.169
[28/May/2023:16:16:18 +0800] GET 200 localhost /found 0.143
[28/May/2023:16:16:20 +0800] GET 200 localhost /found 0.096
[28/May/2023:16:16:21 +0800] GET 200 localhost /found 0.094
[28/May/2023:16:16:39 +0800] GET 200 localhost /found 0.136
[28/May/2023:16:20:03 +0800] GET 200 localhost /found 0.467
[28/May/2023:16:20:40 +0800] GET 200 localhost /found 0.140
[28/May/2023:16:20:50 +0800] GET 200 localhost /found/2 0.093
[28/May/2023:16:20:52 +0800] GET 200 localhost /found 0.137
[28/May/2023:16:20:53 +0800] GET 200 localhost /found/2 0.048
[28/May/2023:16:21:58 +0800] GET 200 localhost /found 0.160
[28/May/2023:16:22:13 +0800] GET 200 localhost /found 0.142
[28/May/2023:16:22:14 +0800] GET 200 localhost /found/2 0.051
[28/May/2023:16:22:30 +0800] GET 200 localhost /found/2 0.094
[28/May/2023:16:23:36 +0800] GET 200 localhost /found 0.152
[28/May/2023:16:23:48 +0800] GET 200 localhost /found 0.146
[28/May/2023:16:23:53 +0800] GET 200 localhost /found 0.141
[28/May/2023:16:23:58 +0800] GET 200 localhost /found 0.146
[28/May/2023:16:24:00 +0800] GET 200 localhost /found 0.145
[28/May/2023:16:24:03 +0800] GET 200 localhost /found 0.139
[28/May/2023:16:24:07 +0800] GET 200 localhost /found 0.258
[28/May/2023:16:24:15 +0800] GET 200 localhost /found 0.145
[28/May/2023:16:24:20 +0800] GET 200 localhost /found 0.147
[28/May/2023:16:24:21 +0800] GET 200 localhost /found 0.094
[28/May/2023:16:24:48 +0800] GET 200 localhost /found/2 0.095
[28/May/2023:16:25:29 +0800] GET 200 localhost /found 0.145
[28/May/2023:16:25:31 +0800] GET 200 localhost /found 0.094
[28/May/2023:16:25:40 +0800] GET 200 localhost /found 0.150
[28/May/2023:16:25:42 +0800] GET 200 localhost /found/2 0.051
[28/May/2023:16:25:56 +0800] GET 200 localhost /found 0.256
[28/May/2023:16:26:09 +0800] GET 200 localhost /found 0.145
[28/May/2023:16:26:32 +0800] GET 200 localhost /found 0.167
[28/May/2023:16:26:33 +0800] GET 200 localhost /found/2 0.048
[28/May/2023:16:26:48 +0800] GET 200 localhost /found 0.149
[28/May/2023:16:27:07 +0800] GET 200 localhost /found 0.147
[28/May/2023:16:27:09 +0800] GET 200 localhost /found 0.147
[28/May/2023:16:27:57 +0800] GET 200 localhost /found/2 0.113
[28/May/2023:16:28:04 +0800] GET 200 localhost /found 0.140
[28/May/2023:16:28:10 +0800] GET 200 localhost /found/3 0.104
[28/May/2023:16:29:59 +0800] GET 200 localhost /found 0.145
[28/May/2023:16:32:00 +0800] GET 200 localhost /found 0.145
[28/May/2023:16:32:09 +0800] GET 200 localhost /found 0.164
[28/May/2023:16:32:19 +0800] GET 200 localhost /found 0.150
[28/May/2023:16:33:19 +0800] GET 200 localhost /found 0.143
[28/May/2023:16:33:27 +0800] GET 200 localhost /found 0.141
[28/May/2023:16:34:44 +0800] GET 200 localhost /found 0.149
[28/May/2023:16:35:47 +0800] GET 200 localhost /found 0.179
[28/May/2023:16:36:48 +0800] GET 200 localhost /found 0.147
[28/May/2023:16:36:56 +0800] GET 200 localhost /found 0.147
[28/May/2023:16:37:04 +0800] GET 200 localhost /found 0.146
[28/May/2023:16:37:06 +0800] GET 200 localhost /found 0.172
[28/May/2023:16:37:08 +0800] GET 200 localhost /found 0.100
[28/May/2023:16:37:12 +0800] GET 200 localhost /found 0.151
[28/May/2023:16:37:16 +0800] GET 200 localhost /found 0.149
[28/May/2023:16:37:18 +0800] GET 200 localhost /found 0.158
[28/May/2023:16:37:37 +0800] GET 200 localhost /found 0.149
[28/May/2023:16:37:39 +0800] GET 200 localhost /found 0.143
[28/May/2023:16:37:55 +0800] GET 200 localhost /found 0.427
[28/May/2023:16:37:57 +0800] GET 200 localhost /found 0.094
[28/May/2023:16:38:12 +0800] GET 200 localhost /found 0.148
[28/May/2023:16:38:14 +0800] GET 200 localhost /found 0.149
[28/May/2023:16:38:24 +0800] GET 200 localhost /found 0.157
[28/May/2023:16:38:39 +0800] GET 200 localhost /found 0.173
[28/May/2023:16:38:47 +0800] GET 200 localhost /found 0.144
[28/May/2023:16:39:15 +0800] GET 200 localhost /found 0.218
[28/May/2023:16:39:26 +0800] GET 404 localhost /transaction 0.066
[28/May/2023:16:40:04 +0800] GET 200 localhost /found 0.192
[28/May/2023:16:40:05 +0800] GET 200 localhost /found 0.098
[28/May/2023:16:40:14 +0800] GET 200 localhost /found 0.169
[28/May/2023:16:41:00 +0800] GET 200 localhost /found 0.167
[28/May/2023:16:41:01 +0800] GET 200 localhost /found 0.095
[28/May/2023:16:41:13 +0800] GET 200 localhost /found 0.207
[28/May/2023:16:41:16 +0800] GET 200 localhost /found 0.144
[28/May/2023:16:41:19 +0800] GET 200 localhost /found 0.148
[28/May/2023:16:41:27 +0800] GET 404 localhost /transaction 0.004
[28/May/2023:16:42:46 +0800] GET 200 localhost /found 0.443
[28/May/2023:16:43:12 +0800] GET 200 localhost /found 0.145
[28/May/2023:16:43:29 +0800] GET 200 localhost /found 0.139
[28/May/2023:16:43:31 +0800] GET 404 localhost /transaction 0.003
[28/May/2023:16:45:17 +0800] GET 200 localhost /found 0.149
[28/May/2023:16:45:19 +0800] GET 200 localhost /found 0.096
[28/May/2023:16:45:26 +0800] GET 200 localhost /found 0.156
[28/May/2023:16:45:30 +0800] GET 200 localhost /found 0.149
[28/May/2023:16:45:31 +0800] GET 200 localhost /found 0.123
[28/May/2023:16:45:34 +0800] GET 200 localhost /found 0.150
[28/May/2023:16:45:35 +0800] GET 200 localhost /found 0.097
[28/May/2023:16:45:42 +0800] GET 200 localhost /found 0.150
[28/May/2023:16:45:47 +0800] GET 200 localhost /found 0.144
[28/May/2023:16:45:49 +0800] GET 200 localhost /found 0.177
[28/May/2023:16:45:52 +0800] GET 200 localhost /found 0.139
[28/May/2023:16:45:55 +0800] GET 200 localhost /found 0.143
[28/May/2023:16:46:10 +0800] GET 200 localhost /found 0.144
[28/May/2023:16:46:15 +0800] GET 200 localhost /found 0.144
[28/May/2023:16:46:20 +0800] GET 404 localhost /transaction 0.003
[28/May/2023:16:47:26 +0800] GET 200 localhost /found 0.143
[28/May/2023:16:47:32 +0800] GET 404 localhost /transaction 0.004
[28/May/2023:16:48:28 +0800] GET 200 localhost /found 0.141
[28/May/2023:17:07:17 +0800] GET 200 localhost /found 0.470
[28/May/2023:17:08:20 +0800] GET 200 localhost /found 0.072
[28/May/2023:17:18:20 +0800] GET 200 localhost /found 0.444
[28/May/2023:17:18:26 +0800] GET 200 localhost /found 0.201
[28/May/2023:17:18:28 +0800] GET 200 localhost /found 0.143
[28/May/2023:17:18:33 +0800] GET 200 localhost /found/2 0.110
[28/May/2023:17:19:45 +0800] GET 200 localhost /found 0.427
[28/May/2023:17:19:51 +0800] GET 200 localhost /found 0.168
[28/May/2023:17:19:53 +0800] GET 200 localhost /found/2 0.069
[28/May/2023:17:19:57 +0800] GET 200 localhost /found 0.184
[28/May/2023:17:20:01 +0800] GET 200 localhost /found/2 0.096
[28/May/2023:17:20:31 +0800] GET 200 localhost /found 0.156
[28/May/2023:17:21:48 +0800] GET 200 localhost /found 0.163
[28/May/2023:17:21:54 +0800] GET 200 localhost /found/2 0.101
[28/May/2023:17:22:56 +0800] GET 404 localhost /transaction 0.020
[28/May/2023:17:25:33 +0800] GET 200 localhost /found/6 0.098
[28/May/2023:17:26:30 +0800] GET 200 localhost /found 0.156
[28/May/2023:17:26:42 +0800] GET 200 localhost /found 0.146
[28/May/2023:17:27:00 +0800] GET 200 localhost /found 0.149
[28/May/2023:17:27:01 +0800] GET 200 localhost /found/2 0.049
[28/May/2023:17:27:19 +0800] GET 200 localhost /found 0.150
[28/May/2023:17:27:24 +0800] GET 200 localhost /found 0.145
[28/May/2023:17:27:30 +0800] GET 200 localhost /found 0.143
[28/May/2023:17:27:31 +0800] GET 200 localhost /found 0.097
[28/May/2023:17:27:34 +0800] GET 200 localhost /found 0.149
[28/May/2023:17:27:35 +0800] GET 200 localhost /found/2 0.050
[28/May/2023:17:29:11 +0800] GET 200 localhost /found 0.345
[28/May/2023:17:33:41 +0800] GET 200 localhost /found 0.147
[28/May/2023:17:34:09 +0800] GET 200 localhost /found 0.145
[28/May/2023:17:34:28 +0800] GET 200 localhost /found 0.145
[28/May/2023:17:34:37 +0800] GET 200 localhost /found 0.150
[28/May/2023:17:35:24 +0800] GET 200 localhost /found 0.149
[28/May/2023:17:35:29 +0800] GET 200 localhost /found 0.159
[28/May/2023:17:35:33 +0800] GET 200 localhost /found 0.147
[28/May/2023:17:35:35 +0800] GET 200 localhost /found 0.098
[28/May/2023:17:35:45 +0800] GET 200 localhost /found 0.144
[28/May/2023:17:35:47 +0800] GET 200 localhost /found 0.103
[28/May/2023:17:35:48 +0800] GET 200 localhost /found 0.095
[28/May/2023:17:36:04 +0800] GET 200 localhost /found 0.144
[28/May/2023:17:36:25 +0800] GET 200 localhost /found 0.253
[28/May/2023:17:44:23 +0800] GET 200 localhost /transaction 0.360
[28/May/2023:17:45:00 +0800] GET 200 localhost /found 0.162
[28/May/2023:17:45:01 +0800] GET 200 localhost /transaction 0.110
[28/May/2023:17:46:03 +0800] GET 200 localhost /found 0.155
[28/May/2023:17:46:11 +0800] GET 200 localhost /transaction 0.147
[28/May/2023:17:47:15 +0800] GET 200 localhost /found 0.147
[28/May/2023:17:47:26 +0800] GET 200 localhost /found 0.148
[28/May/2023:17:47:34 +0800] GET 200 localhost /found 0.155
[28/May/2023:17:48:11 +0800] GET 200 localhost /transaction 0.151
[28/May/2023:17:48:34 +0800] GET 200 localhost /found 0.156
[28/May/2023:17:48:37 +0800] GET 200 localhost /found 0.157
[28/May/2023:17:48:38 +0800] GET 200 localhost /transaction 0.100
[28/May/2023:17:49:05 +0800] GET 200 localhost /found 0.150
[28/May/2023:17:49:07 +0800] GET 200 localhost /found 0.098
[28/May/2023:17:49:09 +0800] GET 200 localhost /transaction 0.100
[28/May/2023:17:50:24 +0800] GET 200 localhost /found 0.157
[28/May/2023:17:50:34 +0800] GET 200 localhost /transaction 0.149
[28/May/2023:17:50:36 +0800] GET 200 localhost /transaction 0.142
[28/May/2023:17:50:38 +0800] GET 200 localhost /transaction 0.097
[28/May/2023:17:51:24 +0800] GET 200 localhost /found 0.147
[28/May/2023:17:51:25 +0800] GET 200 localhost /transaction 0.097
[28/May/2023:17:51:31 +0800] GET 200 localhost /found/3 0.103
[28/May/2023:17:52:42 +0800] GET 200 localhost /found 0.146
[28/May/2023:17:52:52 +0800] GET 200 localhost /transaction 0.408
[28/May/2023:17:52:54 +0800] GET 200 localhost /found/2 0.049
[28/May/2023:17:54:08 +0800] GET 200 localhost /found 0.145
[28/May/2023:17:54:28 +0800] GET 200 localhost /found 0.143
[28/May/2023:17:54:30 +0800] GET 200 localhost /found 0.099
[28/May/2023:17:54:34 +0800] GET 200 localhost /found 0.153
[28/May/2023:17:54:34 +0800] GET 200 localhost /found 0.098
[28/May/2023:17:54:39 +0800] GET 200 localhost /found 0.145
[28/May/2023:17:54:42 +0800] GET 200 localhost /found 0.148
[28/May/2023:17:55:04 +0800] GET 200 localhost /found 0.145
[28/May/2023:17:55:07 +0800] GET 200 localhost /found 0.143
[28/May/2023:17:55:25 +0800] GET 200 localhost /found 0.155
[28/May/2023:17:55:45 +0800] GET 200 localhost /found 0.146
[28/May/2023:17:55:51 +0800] GET 200 localhost /found 0.144
[28/May/2023:17:55:56 +0800] GET 200 localhost /found 0.151
[28/May/2023:17:55:58 +0800] GET 200 localhost /found 0.145
[28/May/2023:17:56:01 +0800] GET 200 localhost /found 0.142
[28/May/2023:17:56:11 +0800] GET 200 localhost /found 0.143
[28/May/2023:17:56:14 +0800] GET 200 localhost /found 0.409
[28/May/2023:17:56:17 +0800] GET 200 localhost /found 0.150
[28/May/2023:17:56:19 +0800] GET 200 localhost /found 0.098
[28/May/2023:17:56:21 +0800] GET 200 localhost /found 0.097
[28/May/2023:17:56:24 +0800] GET 200 localhost /found 0.154
[28/May/2023:17:56:28 +0800] GET 200 localhost /found 0.148
[28/May/2023:17:56:35 +0800] GET 200 localhost /found 0.525
[28/May/2023:17:56:46 +0800] GET 200 localhost /found 0.164
[28/May/2023:17:56:57 +0800] GET 200 localhost /transaction 0.146
[28/May/2023:17:57:34 +0800] GET 200 localhost /found 0.144
[28/May/2023:17:57:36 +0800] GET 200 localhost /transaction 0.097
[28/May/2023:17:57:38 +0800] GET 200 localhost /found/3 0.210
[28/May/2023:17:57:50 +0800] GET 200 localhost /found 0.144
[28/May/2023:17:57:51 +0800] GET 200 localhost /transaction 0.096
[28/May/2023:17:58:04 +0800] GET 200 localhost /found 0.144
[28/May/2023:17:59:20 +0800] GET 200 localhost /found 0.143
[28/May/2023:17:59:29 +0800] GET 200 localhost /found 0.259
[28/May/2023:17:59:31 +0800] GET 200 localhost /transaction 0.167
[28/May/2023:18:04:55 +0800] GET 200 localhost /found 0.145
[28/May/2023:18:04:58 +0800] GET 200 localhost /found 0.167
[28/May/2023:18:05:03 +0800] GET 200 localhost /found 0.175
[28/May/2023:18:05:13 +0800] GET 200 localhost /found 0.160
[28/May/2023:18:05:26 +0800] GET 200 localhost /found 0.149
[28/May/2023:18:05:28 +0800] GET 200 localhost /found 0.146
[28/May/2023:18:05:30 +0800] GET 200 localhost /found 0.097
[28/May/2023:18:06:14 +0800] GET 200 localhost /found 0.293
[28/May/2023:18:06:34 +0800] GET 200 localhost /found 0.146
[28/May/2023:18:06:39 +0800] GET 200 localhost /found 0.145
[28/May/2023:18:06:41 +0800] GET 200 localhost /found 0.102
[28/May/2023:18:06:46 +0800] GET 200 localhost /found 0.155
[28/May/2023:18:06:48 +0800] GET 200 localhost /transaction 0.276
[28/May/2023:18:06:51 +0800] GET 200 localhost /transaction 0.106
[28/May/2023:18:07:30 +0800] GET 200 localhost /found 0.147
[28/May/2023:18:07:40 +0800] GET 200 localhost /found 0.144
[28/May/2023:18:07:42 +0800] GET 200 localhost /found 0.098
[28/May/2023:18:07:49 +0800] GET 200 localhost /found 0.143
[28/May/2023:18:07:58 +0800] GET 200 localhost /transaction 0.421
[28/May/2023:18:07:59 +0800] GET 200 localhost /transaction 0.048
[28/May/2023:18:08:09 +0800] GET 200 localhost /transaction 0.142
[28/May/2023:18:08:30 +0800] GET 200 localhost /found 0.141
[28/May/2023:18:08:42 +0800] GET 200 localhost /found 0.143
[28/May/2023:18:08:51 +0800] GET 200 localhost /found 0.143
[28/May/2023:18:09:59 +0800] GET 200 localhost /found 0.203
[28/May/2023:18:10:01 +0800] GET 200 localhost /transaction 0.097
[28/May/2023:18:10:04 +0800] GET 200 localhost /transaction 0.096
[28/May/2023:18:10:12 +0800] GET 200 localhost /found 0.144
[28/May/2023:18:10:13 +0800] GET 200 localhost /transaction 0.097
[28/May/2023:18:10:15 +0800] GET 200 localhost /transaction 0.048
[28/May/2023:18:11:19 +0800] GET 200 localhost /found 0.171
[28/May/2023:18:11:20 +0800] GET 200 localhost /transaction 0.096
[28/May/2023:18:11:22 +0800] GET 200 localhost /transaction 0.048
[28/May/2023:18:11:34 +0800] GET 200 localhost /found 0.147
[28/May/2023:18:11:38 +0800] GET 200 localhost /found 0.440
[28/May/2023:18:11:39 +0800] GET 200 localhost /transaction 0.099
[28/May/2023:18:11:41 +0800] GET 200 localhost /transaction 0.052
[28/May/2023:18:11:55 +0800] GET 200 localhost /found 0.145
[28/May/2023:18:11:55 +0800] GET 200 localhost /transaction 0.102
[28/May/2023:18:11:57 +0800] GET 200 localhost /transaction 0.096
[28/May/2023:18:12:04 +0800] GET 200 localhost /found 0.161
[28/May/2023:18:12:20 +0800] GET 200 localhost /found 0.209
[28/May/2023:18:12:21 +0800] GET 200 localhost /transaction 0.097
[28/May/2023:18:12:31 +0800] GET 200 localhost /transaction 0.102
[28/May/2023:18:13:56 +0800] GET 200 localhost /transaction 0.144
[28/May/2023:18:14:13 +0800] GET 200 localhost /found 0.144
[28/May/2023:18:14:17 +0800] GET 200 localhost /found 0.150
[28/May/2023:18:14:19 +0800] GET 200 localhost /found 0.150
[28/May/2023:18:14:21 +0800] GET 200 localhost /found 0.143
[28/May/2023:18:14:24 +0800] GET 200 localhost /found 0.175
[28/May/2023:18:14:34 +0800] GET 200 localhost /found 0.194
[28/May/2023:18:14:38 +0800] GET 200 localhost /found 0.181
[28/May/2023:18:14:43 +0800] GET 200 localhost /found 0.152
[28/May/2023:18:14:52 +0800] GET 200 localhost /found 0.181
[28/May/2023:18:14:54 +0800] GET 200 localhost /found 0.110
[28/May/2023:18:14:56 +0800] GET 200 localhost /found 0.096
[28/May/2023:18:14:58 +0800] GET 200 localhost /found 0.096
[28/May/2023:18:15:01 +0800] GET 200 localhost /found 0.162
[28/May/2023:18:15:03 +0800] GET 200 localhost /found 0.098
[28/May/2023:18:15:11 +0800] GET 200 localhost /found 0.163
[28/May/2023:18:15:26 +0800] GET 200 localhost /found 0.162
[28/May/2023:18:15:39 +0800] GET 200 localhost /found 0.143
[28/May/2023:18:15:47 +0800] GET 200 localhost /found 0.145
[28/May/2023:18:15:48 +0800] GET 200 localhost /transaction 0.096
[28/May/2023:18:16:04 +0800] GET 200 localhost /found 0.147
[28/May/2023:18:16:06 +0800] GET 200 localhost /found 0.103
[28/May/2023:18:16:07 +0800] GET 200 localhost /found 0.097
[28/May/2023:18:16:12 +0800] GET 200 localhost /found 0.148
[28/May/2023:18:16:13 +0800] GET 200 localhost /transaction 0.103
[28/May/2023:18:16:25 +0800] GET 200 localhost /found 0.158
[28/May/2023:18:16:27 +0800] GET 200 localhost /transaction 0.095
[28/May/2023:18:16:28 +0800] GET 200 localhost /transaction 0.094
[28/May/2023:18:16:29 +0800] GET 200 localhost /transaction 0.102
[28/May/2023:18:16:49 +0800] GET 200 localhost /found 0.157
[28/May/2023:18:16:51 +0800] GET 200 localhost /transaction 0.146
[28/May/2023:18:16:57 +0800] GET 200 localhost /transaction 0.142
[28/May/2023:18:17:19 +0800] GET 200 localhost /found 0.172
[28/May/2023:18:17:31 +0800] GET 200 localhost /found 0.146
[28/May/2023:18:17:35 +0800] GET 200 localhost /transaction 0.148
[28/May/2023:18:17:39 +0800] GET 200 localhost /found/2 0.097
[28/May/2023:18:17:57 +0800] GET 200 localhost /transaction 0.157
[28/May/2023:18:18:15 +0800] GET 200 localhost /found 0.142
[28/May/2023:18:18:48 +0800] GET 200 localhost /found 0.145
[28/May/2023:18:18:55 +0800] GET 200 localhost /found 0.147
[28/May/2023:18:19:07 +0800] GET 200 localhost /found 0.147
[28/May/2023:18:19:15 +0800] GET 200 localhost /found 0.149
[28/May/2023:18:19:18 +0800] GET 200 localhost /found 0.153
[28/May/2023:18:20:03 +0800] GET 200 localhost /found 0.159
[28/May/2023:18:20:25 +0800] GET 200 localhost /found 0.146
[28/May/2023:18:20:36 +0800] GET 200 localhost /transaction 0.143
[28/May/2023:18:20:37 +0800] GET 200 localhost /transaction/2 0.057
[28/May/2023:18:21:36 +0800] GET 200 localhost /found 0.146
[28/May/2023:18:21:40 +0800] GET 200 localhost /found 0.144
[28/May/2023:18:21:55 +0800] GET 200 localhost /found 0.158
[28/May/2023:18:22:09 +0800] GET 200 localhost /found 0.144
[28/May/2023:18:22:24 +0800] GET 200 localhost /found 0.143
[28/May/2023:18:22:26 +0800] GET 200 localhost /found 0.147
[28/May/2023:18:22:33 +0800] GET 200 localhost /found 0.151
[28/May/2023:18:22:35 +0800] GET 200 localhost /found 0.095
[28/May/2023:18:22:41 +0800] GET 200 localhost /found 0.144
[28/May/2023:18:22:45 +0800] GET 200 localhost /found 0.152
[28/May/2023:18:22:54 +0800] GET 200 localhost /found 0.144
[28/May/2023:18:22:56 +0800] GET 200 localhost /found 0.096
[28/May/2023:18:22:58 +0800] GET 200 localhost /found 0.095
[28/May/2023:18:23:02 +0800] GET 200 localhost /found 0.143
[28/May/2023:18:23:05 +0800] GET 200 localhost /found 0.145
[28/May/2023:18:23:08 +0800] GET 200 localhost /found 0.142
[28/May/2023:18:23:10 +0800] GET 200 localhost /found 0.098
[28/May/2023:18:23:13 +0800] GET 200 localhost /found 0.415
[28/May/2023:18:23:19 +0800] GET 200 localhost /found 0.195
[28/May/2023:18:23:22 +0800] GET 200 localhost /found 0.144
[28/May/2023:18:23:32 +0800] GET 200 localhost /transaction 0.146
[28/May/2023:18:23:33 +0800] GET 200 localhost /transaction/2 0.049
[28/May/2023:18:23:54 +0800] GET 200 localhost /found 0.147
[28/May/2023:18:24:00 +0800] GET 200 localhost /found 0.142
[28/May/2023:18:24:02 +0800] GET 200 localhost /found 0.141
[28/May/2023:18:24:05 +0800] GET 200 localhost /found 0.152
[28/May/2023:18:24:07 +0800] GET 200 localhost /found 0.097
[28/May/2023:18:24:08 +0800] GET 200 localhost /found 0.095
[28/May/2023:18:24:11 +0800] GET 200 localhost /found 0.143
[28/May/2023:18:24:25 +0800] GET 200 localhost /found 0.144
[28/May/2023:18:24:31 +0800] GET 200 localhost /found 0.143
[28/May/2023:18:24:36 +0800] GET 200 localhost /found 0.142
[28/May/2023:18:24:48 +0800] GET 200 localhost /found 0.145
[28/May/2023:18:24:57 +0800] GET 200 localhost /found 0.177
[28/May/2023:18:25:09 +0800] GET 200 localhost /found 0.159
[28/May/2023:18:25:22 +0800] GET 200 localhost /found 0.158
[28/May/2023:18:25:25 +0800] GET 200 localhost /transaction 0.141
[28/May/2023:18:25:27 +0800] GET 200 localhost /transaction/2 0.097
[28/May/2023:18:30:48 +0800] GET 200 localhost /found 0.422
[28/May/2023:18:30:49 +0800] GET 200 localhost /transaction 0.194
[28/May/2023:18:30:51 +0800] GET 200 localhost /transaction 0.107
[28/May/2023:18:30:53 +0800] GET 200 localhost /transaction 0.097
[28/May/2023:18:30:55 +0800] GET 200 localhost /transaction 0.143
[28/May/2023:18:31:46 +0800] GET 200 localhost /found 0.143
[28/May/2023:18:31:47 +0800] GET 200 localhost /transaction 0.105
[28/May/2023:18:31:49 +0800] GET 200 localhost /transaction 0.093
[28/May/2023:18:31:50 +0800] GET 200 localhost /transaction 0.095
[28/May/2023:18:32:03 +0800] GET 200 localhost /transaction 0.143
[28/May/2023:18:32:09 +0800] GET 200 localhost /transaction/3 0.097
[28/May/2023:18:32:12 +0800] GET 200 localhost /transaction 0.099
[28/May/2023:18:32:13 +0800] GET 200 localhost /transaction 0.096
[28/May/2023:18:32:55 +0800] GET 200 localhost /found 0.141
[28/May/2023:18:32:59 +0800] GET 200 localhost /found 0.142
[28/May/2023:18:33:01 +0800] GET 200 localhost /found 0.144
[28/May/2023:18:33:14 +0800] GET 200 localhost /found 0.150
[28/May/2023:18:33:19 +0800] GET 200 localhost /found 0.143
[28/May/2023:18:33:21 +0800] GET 200 localhost /transaction 0.098
[28/May/2023:18:33:23 +0800] GET 200 localhost /transaction 0.103
[28/May/2023:18:33:25 +0800] GET 200 localhost /transaction 0.094
[28/May/2023:18:33:28 +0800] GET 200 localhost /transaction 0.101
[28/May/2023:18:33:32 +0800] GET 200 localhost /transaction 0.104
[28/May/2023:18:33:56 +0800] GET 200 localhost /found 0.140
[28/May/2023:18:33:57 +0800] GET 200 localhost /transaction 0.094
[28/May/2023:18:34:05 +0800] GET 200 localhost /found 0.170
[28/May/2023:18:34:09 +0800] GET 200 localhost /transaction 0.141
[28/May/2023:18:34:10 +0800] GET 200 localhost /transaction 0.093
[28/May/2023:18:34:12 +0800] GET 200 localhost /transaction 0.048
[28/May/2023:18:34:36 +0800] GET 200 localhost /found 0.142
[28/May/2023:18:35:23 +0800] GET 200 localhost /found 0.156
[28/May/2023:18:35:27 +0800] GET 200 localhost /found 0.142
[28/May/2023:18:35:30 +0800] GET 200 localhost /found 0.151
[28/May/2023:18:35:36 +0800] GET 200 localhost /found 0.156
[28/May/2023:18:35:39 +0800] GET 200 localhost /found 0.240
[28/May/2023:18:35:42 +0800] GET 200 localhost /found 0.141
[28/May/2023:18:35:45 +0800] GET 200 localhost /found 0.152
[28/May/2023:18:35:46 +0800] GET 200 localhost /found 0.094
[28/May/2023:18:35:50 +0800] GET 200 localhost /found 0.145
[28/May/2023:18:35:53 +0800] GET 200 localhost /found 0.143
[28/May/2023:18:35:56 +0800] GET 200 localhost /found 0.149
[28/May/2023:18:35:58 +0800] GET 200 localhost /found 0.130
[28/May/2023:18:36:04 +0800] GET 200 localhost /found 0.163
[28/May/2023:18:36:08 +0800] GET 200 localhost /found 0.148
[28/May/2023:18:36:10 +0800] GET 200 localhost /found 0.143
[28/May/2023:18:36:17 +0800] GET 200 localhost /found 0.144
[28/May/2023:18:36:20 +0800] GET 200 localhost /found 0.152
[28/May/2023:18:36:24 +0800] GET 200 localhost /found 0.142
[28/May/2023:18:36:26 +0800] GET 200 localhost /found 0.142
[28/May/2023:18:36:38 +0800] GET 200 localhost /found 0.145
[28/May/2023:18:36:45 +0800] GET 200 localhost /transaction 0.280
[28/May/2023:18:37:10 +0800] GET 200 localhost /found 0.143
[28/May/2023:18:37:11 +0800] GET 200 localhost /transaction 0.094
[28/May/2023:18:37:13 +0800] GET 200 localhost /transaction 0.095
[28/May/2023:18:37:16 +0800] GET 200 localhost /transaction 0.140
[28/May/2023:18:37:27 +0800] GET 200 localhost /transaction 0.239
[28/May/2023:18:37:30 +0800] GET 200 localhost /found 0.140
[28/May/2023:18:38:10 +0800] GET 200 localhost /found 0.166
[28/May/2023:18:42:21 +0800] GET 200 localhost /found 0.159
[28/May/2023:18:42:25 +0800] GET 200 localhost /transaction 0.143
[28/May/2023:18:42:28 +0800] GET 200 localhost /found 0.141
[28/May/2023:19:39:32 +0800] GET 200 localhost /transaction/3 0.607
[28/May/2023:19:42:15 +0800] GET 200 localhost /found 0.147
[28/May/2023:19:42:27 +0800] GET 200 localhost /found 0.177
[28/May/2023:19:44:25 +0800] GET 200 localhost /found 0.142
[28/May/2023:20:01:29 +0800] GET 200 localhost /found 0.630
[28/May/2023:20:01:53 +0800] GET 200 localhost /found 0.143
[28/May/2023:20:10:13 +0800] GET 200 localhost /found 0.153
[28/May/2023:20:16:28 +0800] GET 200 localhost /found 0.148
[28/May/2023:20:16:35 +0800] GET 200 localhost /found 0.181
[28/May/2023:20:16:45 +0800] GET 200 localhost /found 0.153
[28/May/2023:20:17:25 +0800] GET 200 localhost /found 0.143
[28/May/2023:20:17:51 +0800] GET 200 localhost /found 0.157
[28/May/2023:20:17:53 +0800] GET 200 localhost /found 0.136
[28/May/2023:20:18:09 +0800] GET 200 localhost /found 0.145
[28/May/2023:20:18:18 +0800] GET 200 localhost /found 0.148
[28/May/2023:20:18:34 +0800] GET 200 localhost /found 0.150
[28/May/2023:20:18:55 +0800] GET 200 localhost /found 0.145
[28/May/2023:20:19:15 +0800] GET 200 localhost /found 0.143
[28/May/2023:20:19:33 +0800] GET 200 localhost /found 0.147
[28/May/2023:20:19:56 +0800] GET 200 localhost /found 0.145
[28/May/2023:20:20:31 +0800] GET 200 localhost /found 0.145
[28/May/2023:20:20:39 +0800] GET 200 localhost /found 0.145
[28/May/2023:20:20:47 +0800] GET 200 localhost /found 0.145
[28/May/2023:20:22:16 +0800] GET 200 localhost /found 0.146
[28/May/2023:20:23:00 +0800] GET 200 localhost /found 0.149
[28/May/2023:20:23:21 +0800] GET 200 localhost /found 0.146
[28/May/2023:20:23:29 +0800] GET 200 localhost /found 0.145
[28/May/2023:20:23:40 +0800] GET 200 localhost /found 0.147
[28/May/2023:20:25:07 +0800] GET 200 localhost /found 0.144
[28/May/2023:20:25:21 +0800] GET 200 localhost /found 0.188
[28/May/2023:20:26:35 +0800] GET 200 localhost /found 0.148
[28/May/2023:20:26:47 +0800] GET 200 localhost /found 0.143
[28/May/2023:20:26:50 +0800] GET 200 localhost /found 0.142
[28/May/2023:20:27:12 +0800] GET 200 localhost /found 0.144
[28/May/2023:20:27:37 +0800] GET 200 localhost /found 0.146
[28/May/2023:20:27:43 +0800] GET 200 localhost /found 0.142
[28/May/2023:20:28:17 +0800] GET 200 localhost /found 0.143
[28/May/2023:20:28:53 +0800] GET 200 localhost /found 0.148
[28/May/2023:20:30:04 +0800] GET 200 localhost /found 0.144
[28/May/2023:20:30:17 +0800] GET 200 localhost /found 0.142
[28/May/2023:20:30:24 +0800] GET 200 localhost /found 0.146
[28/May/2023:20:31:20 +0800] GET 200 localhost /found 0.159
[28/May/2023:20:34:12 +0800] GET 200 localhost /found 0.147
[28/May/2023:20:34:21 +0800] GET 200 localhost /found 0.220
[28/May/2023:20:35:08 +0800] GET 200 localhost /found 0.152
[28/May/2023:20:36:10 +0800] GET 200 localhost /found 0.145
[28/May/2023:20:36:26 +0800] GET 200 localhost /found 0.142
[28/May/2023:20:37:37 +0800] GET 200 localhost /found 0.146
[28/May/2023:20:37:37 +0800] GET 200 localhost /found 0.099
[28/May/2023:20:38:58 +0800] GET 200 localhost /found 0.164
[28/May/2023:20:39:04 +0800] GET 200 localhost /found 0.143
[28/May/2023:20:39:24 +0800] GET 200 localhost /found 0.141
[28/May/2023:20:41:22 +0800] GET 200 localhost /transaction 0.155
[28/May/2023:20:42:14 +0800] GET 200 localhost /found 0.147
[28/May/2023:20:42:19 +0800] GET 200 localhost /found 0.145
[28/May/2023:20:42:25 +0800] GET 200 localhost /found 0.148
[28/May/2023:20:42:51 +0800] GET 200 localhost /found 0.144
[28/May/2023:20:42:54 +0800] GET 200 localhost /found 0.141
[28/May/2023:20:42:59 +0800] GET 200 localhost /found 0.151
[28/May/2023:20:43:47 +0800] GET 200 localhost /found 0.143
[28/May/2023:20:44:08 +0800] GET 200 localhost /found 0.143
[28/May/2023:20:44:44 +0800] GET 200 localhost /found 0.143
[28/May/2023:20:45:37 +0800] GET 200 localhost /found 0.144
[28/May/2023:21:01:54 +0800] GET 200 localhost /found 0.651
[28/May/2023:21:02:07 +0800] GET 200 localhost /found 0.150
[28/May/2023:21:03:03 +0800] GET 200 localhost /found 0.158
[28/May/2023:21:04:26 +0800] GET 200 localhost /found 0.140
[28/May/2023:21:04:44 +0800] GET 200 localhost /found 0.141
[28/May/2023:21:17:00 +0800] GET 200 localhost /found 0.640
[28/May/2023:21:17:16 +0800] GET 200 localhost /found 0.158
[28/May/2023:21:17:35 +0800] GET 200 localhost /found 0.142
[28/May/2023:21:18:41 +0800] GET 200 localhost /found 0.145
[28/May/2023:21:19:37 +0800] GET 200 localhost /found 0.164
[28/May/2023:21:19:39 +0800] GET 200 localhost /found 0.094
[28/May/2023:21:19:42 +0800] GET 200 localhost /found 0.147
[28/May/2023:21:20:31 +0800] GET 200 localhost /found 0.146
[28/May/2023:21:20:34 +0800] GET 200 localhost /found 0.145
[28/May/2023:21:20:43 +0800] GET 200 localhost /found 0.148
[28/May/2023:21:21:04 +0800] GET 200 localhost /found 0.147
[28/May/2023:21:22:06 +0800] GET 200 localhost /found 0.162
[28/May/2023:21:22:08 +0800] GET 200 localhost /found 0.377
[28/May/2023:21:22:15 +0800] GET 200 localhost /found 0.144
[28/May/2023:21:22:49 +0800] GET 200 localhost /found 0.138
[28/May/2023:21:28:02 +0800] GET 200 localhost /found 0.149
[28/May/2023:21:28:11 +0800] GET 200 localhost /found 0.257
[28/May/2023:21:29:44 +0800] GET 200 localhost /found 0.148
[28/May/2023:21:59:36 +0800] GET 200 localhost /found 0.644
[28/May/2023:22:22:31 +0800] GET 200 localhost /found 0.903
[28/May/2023:22:24:51 +0800] GET 200 localhost /found 0.167
[28/May/2023:23:12:15 +0800] GET 200 localhost /found 0.428
[28/May/2023:23:12:17 +0800] GET 200 localhost /found 0.097
[28/May/2023:23:16:10 +0800] GET 200 localhost /found 0.148
[28/May/2023:23:16:13 +0800] GET 200 localhost /found 0.141
[28/May/2023:23:16:27 +0800] GET 200 localhost /found 0.146
[28/May/2023:23:16:31 +0800] GET 200 localhost /found 0.194
[28/May/2023:23:16:35 +0800] GET 200 localhost /found 0.144
[28/May/2023:23:16:39 +0800] GET 200 localhost /found 0.166
[28/May/2023:23:16:40 +0800] GET 200 localhost /login 0.578
