[29/May/2023:08:38:22 +0800] GET 200 localhost /login 3.038
[29/May/2023:08:38:23 +0800] GET 500 localhost /found 4.221
[29/May/2023:14:31:49 +0800] GET 500 localhost /test 0.601
[29/May/2023:14:31:49 +0800] GET 404 localhost /favicon.ico 0.028
[29/May/2023:14:33:04 +0800] GET 200 localhost /test 0.318
[29/May/2023:14:33:23 +0800] GET 200 localhost /test 0.004
[29/May/2023:15:41:52 +0800] GET 200 localhost /login 1.095
[29/May/2023:15:41:53 +0800] GET 200 localhost /found 1.980
[29/May/2023:15:42:45 +0800] GET 200 localhost /msgSecCheck 1.166
[29/May/2023:15:44:14 +0800] GET 200 localhost /msgSecCheck 1.293
[29/May/2023:16:46:32 +0800] GET 500 localhost /msgSecCheck 2.120
[29/May/2023:16:46:32 +0800] GET 404 localhost /favicon.ico 0.037
[29/May/2023:16:49:52 +0800] GET 500 localhost /msgSecCheck 1.506
[29/May/2023:16:51:38 +0800] GET 500 localhost /msgSecCheck 1.502
[29/May/2023:16:52:53 +0800] GET 500 localhost /msgSecCheck 1.603
[29/May/2023:16:55:30 +0800] GET 500 localhost /msgSecCheck 1.445
[29/May/2023:16:56:51 +0800] GET 500 localhost /msgSecCheck 1.455
[29/May/2023:16:58:06 +0800] GET 500 localhost /msgSecCheck 1.528
[29/May/2023:16:58:46 +0800] GET 500 localhost /msgSecCheck 1.616
[29/May/2023:17:00:40 +0800] GET 500 localhost /msgSecCheck 1.547
[29/May/2023:17:01:47 +0800] GET 500 localhost /msgSecCheck 1.416
[29/May/2023:17:04:11 +0800] GET 200 localhost /msgSecCheck 1.453
[29/May/2023:17:06:45 +0800] GET 500 localhost /msgSecCheck 1.638
[29/May/2023:17:07:50 +0800] GET 200 localhost /msgSecCheck 1.454
[29/May/2023:17:09:24 +0800] GET 500 localhost /msgSecCheck 1.602
[29/May/2023:17:11:15 +0800] GET 500 localhost /msgSecCheck 0.752
[29/May/2023:17:11:52 +0800] GET 200 localhost /msgSecCheck 1.415
[29/May/2023:18:12:20 +0800] GET 500 localhost /msgSecCheck 0.579
[29/May/2023:18:13:59 +0800] GET 200 localhost /msgSecCheck 1.122
[29/May/2023:18:14:02 +0800] GET 200 localhost /msgSecCheck 0.496
[29/May/2023:18:14:14 +0800] GET 200 localhost /msgSecCheck 0.833
[29/May/2023:18:14:47 +0800] GET 200 localhost /found 0.263
[29/May/2023:18:15:32 +0800] GET 200 localhost /msgSecCheck 0.512
[29/May/2023:23:37:44 +0800] GET 200 localhost /found 0.532
[29/May/2023:23:37:44 +0800] GET 200 localhost /login 0.611
[29/May/2023:23:38:22 +0800] GET 200 localhost /found 0.142
[29/May/2023:23:38:25 +0800] GET 200 localhost /transaction 0.149
