[23/May/2023:14:39:35 +0800] GET 404 localhost /found/1/5 0.090
[23/May/2023:14:40:02 +0800] GET 404 localhost /found/1/5 0.080
[23/May/2023:14:40:19 +0800] GET 404 localhost /found/1/5 0.023
[23/May/2023:14:40:19 +0800] GET 404 localhost /favicon.ico 0.011
[23/May/2023:14:40:24 +0800] GET 200 localhost /1/5 0.276
[23/May/2023:14:42:55 +0800] GET 200 localhost /found/1/5 0.323
[23/May/2023:14:45:30 +0800] GET 200 localhost /found/1/5 0.333
[23/May/2023:14:48:40 +0800] GET 200 localhost /found/1/5 0.389
[23/May/2023:14:52:21 +0800] GET 200 localhost /found/1/5 0.507
[23/May/2023:15:00:26 +0800] GET 200 localhost /found/1/5 0.494
[23/May/2023:15:01:21 +0800] GET 200 localhost /found/1/5 0.529
[23/May/2023:16:16:17 +0800] GET 200 localhost /found/1/5 1.663
[23/May/2023:16:40:52 +0800] GET 500 localhost /found/1/15 4.402
[23/May/2023:16:42:13 +0800] GET 200 localhost /found/1/15 0.733
[23/May/2023:16:55:51 +0800] GET 200 localhost /found/1/15 1.090
[23/May/2023:16:59:57 +0800] GET 200 localhost /found/1/15 0.283
[23/May/2023:17:00:00 +0800] GET 200 localhost /found/1/15 0.271
[23/May/2023:17:00:02 +0800] GET 200 localhost /found/1/15 0.186
[23/May/2023:17:00:39 +0800] GET 200 localhost /found/1/15 0.250
[23/May/2023:17:00:48 +0800] GET 200 localhost /found/1/15 0.269
[23/May/2023:17:00:56 +0800] GET 200 localhost /found/1/15 0.252
[23/May/2023:17:01:00 +0800] GET 200 localhost /found/1/15 0.341
[23/May/2023:17:01:15 +0800] GET 200 localhost /found/1/15 0.319
[23/May/2023:17:01:18 +0800] GET 200 localhost /found/1/15 0.272
[23/May/2023:17:01:21 +0800] GET 200 localhost /found/1/15 0.228
[23/May/2023:17:01:28 +0800] GET 200 localhost /found/1/15 0.242
[23/May/2023:17:01:30 +0800] GET 200 localhost /found/1/15 0.174
[23/May/2023:17:01:34 +0800] GET 200 localhost /found/1/15 0.272
[23/May/2023:17:01:39 +0800] GET 200 localhost /found/1/15 0.258
[23/May/2023:17:01:48 +0800] GET 200 localhost /found/1/15 0.273
[23/May/2023:17:01:54 +0800] GET 200 localhost /found/1/15 0.271
[23/May/2023:17:01:57 +0800] GET 200 localhost /found/1/15 0.284
[23/May/2023:17:02:22 +0800] GET 200 localhost /found/1/15 0.274
[23/May/2023:17:02:36 +0800] GET 200 localhost /found/1/15 0.221
[23/May/2023:17:02:38 +0800] GET 200 localhost /found/1/15 0.253
[23/May/2023:17:02:38 +0800] GET 200 localhost /found/1/15 0.160
[23/May/2023:17:03:17 +0800] GET 200 localhost /found/1/15 0.274
[23/May/2023:17:04:11 +0800] GET 200 localhost /found/1/15 0.282
[23/May/2023:17:05:03 +0800] GET 200 localhost /found/1/15 0.279
[23/May/2023:17:05:57 +0800] GET 200 localhost /found/1/15 0.220
[23/May/2023:17:07:04 +0800] GET 200 localhost /found/1/15 0.218
[23/May/2023:17:09:59 +0800] GET 200 localhost /found/1/15 0.239
[23/May/2023:17:10:38 +0800] GET 200 localhost /found/1/15 0.268
[23/May/2023:17:13:12 +0800] GET 200 localhost /found/1/15 0.240
[23/May/2023:17:13:34 +0800] GET 200 localhost /found/1/15 0.706
[23/May/2023:17:15:51 +0800] GET 200 localhost /found/1/15 0.268
[23/May/2023:17:19:20 +0800] GET 200 localhost /found/1/15 0.291
[23/May/2023:17:27:36 +0800] GET 200 localhost /found/1/15 0.275
[23/May/2023:17:27:52 +0800] GET 200 localhost /found/1/15 0.317
[23/May/2023:17:28:00 +0800] GET 200 localhost /found/1/15 0.214
[23/May/2023:17:30:45 +0800] GET 200 localhost /found/1/15 0.274
[23/May/2023:17:30:49 +0800] GET 200 localhost /found/1/15 0.298
[23/May/2023:17:30:54 +0800] GET 200 localhost /found/2/30 0.334
[23/May/2023:17:30:55 +0800] GET 200 localhost /found/2/30 0.125
[23/May/2023:17:32:31 +0800] GET 200 localhost /found/1/15 0.971
[23/May/2023:17:32:37 +0800] GET 200 localhost /found/1/15 0.261
[23/May/2023:17:32:46 +0800] GET 200 localhost /found/2/30 0.341
[23/May/2023:17:32:47 +0800] GET 200 localhost /found/3/45 0.189
[23/May/2023:17:32:49 +0800] GET 200 localhost /found/4/60 0.226
[23/May/2023:17:34:32 +0800] GET 200 localhost /found/1/15 0.283
[23/May/2023:17:34:36 +0800] GET 200 localhost /found/2/30 0.243
[23/May/2023:17:41:49 +0800] GET 200 localhost /found/3/45 0.249
[23/May/2023:17:41:50 +0800] GET 200 localhost /found/4/60 0.214
[23/May/2023:17:41:51 +0800] GET 200 localhost /found/5/75 0.158
[23/May/2023:17:42:00 +0800] GET 200 localhost /found/1/15 1.252
[23/May/2023:17:42:07 +0800] GET 200 localhost /found/2/15 0.264
[23/May/2023:17:45:35 +0800] GET 200 localhost /found/1/2 0.561
[23/May/2023:17:46:05 +0800] GET 200 localhost /found/1/3 0.258
[23/May/2023:17:46:09 +0800] GET 200 localhost /found/2/3 0.285
[23/May/2023:17:46:34 +0800] GET 200 localhost /found/3/3 0.279
[23/May/2023:17:48:30 +0800] GET 200 localhost /found/1/3 0.247
[23/May/2023:17:48:30 +0800] GET 200 localhost /found/1/3 0.192
[23/May/2023:17:48:34 +0800] GET 200 localhost /found/1/3 0.220
[23/May/2023:17:48:38 +0800] GET 200 localhost /found/1/3 0.291
[23/May/2023:17:48:54 +0800] GET 200 localhost /found/2/3 0.218
[23/May/2023:17:49:16 +0800] GET 200 localhost /found/1/3 0.267
[23/May/2023:17:49:18 +0800] GET 200 localhost /found/2/3 0.357
[23/May/2023:17:49:28 +0800] GET 200 localhost /found/1/3 0.244
[23/May/2023:18:54:57 +0800] GET 200 localhost /found/1/3 1.447
[23/May/2023:18:55:00 +0800] GET 200 localhost /found/2/3 1.181
[23/May/2023:18:58:09 +0800] GET 200 localhost /found/1/3 0.150
[23/May/2023:18:58:11 +0800] GET 200 localhost /found/2/3 0.101
[23/May/2023:18:59:12 +0800] GET 200 localhost /found/1/3 0.148
[23/May/2023:18:59:15 +0800] GET 200 localhost /found/2/3 0.215
[23/May/2023:18:59:17 +0800] GET 200 localhost /found/3/3 0.142
[23/May/2023:18:59:47 +0800] GET 200 localhost /found/1/3 0.145
[23/May/2023:19:00:03 +0800] GET 200 localhost /found/2/3 0.141
[23/May/2023:19:00:05 +0800] GET 200 localhost /found/3/3 0.142
[23/May/2023:19:00:07 +0800] GET 200 localhost /found/4/3 0.094
[23/May/2023:19:00:08 +0800] GET 200 localhost /found/5/3 0.096
[23/May/2023:19:00:10 +0800] GET 200 localhost /found/6/3 0.094
[23/May/2023:19:00:12 +0800] GET 200 localhost /found/7/3 0.094
[23/May/2023:19:00:13 +0800] GET 200 localhost /found/8/3 0.093
[23/May/2023:19:00:59 +0800] GET 200 localhost /found/1/3 0.142
[23/May/2023:19:01:02 +0800] GET 200 localhost /found/2/3 0.141
[23/May/2023:19:01:08 +0800] GET 200 localhost /found/3/3 0.142
[23/May/2023:19:05:52 +0800] GET 200 localhost /found/1/5 0.343
[23/May/2023:19:06:09 +0800] GET 200 localhost /found/3/5 0.100
[23/May/2023:19:11:42 +0800] GET 200 localhost /found/1/3 0.225
[23/May/2023:19:12:12 +0800] GET 200 localhost /found/1/3 0.144
[23/May/2023:19:12:25 +0800] GET 200 localhost /found/1/3 0.147
[23/May/2023:19:12:29 +0800] GET 200 localhost /found/1/3 0.147
[23/May/2023:19:12:44 +0800] GET 400 localhost /found/undefined/undefined 0.030
[23/May/2023:19:12:47 +0800] GET 400 localhost /found/undefined/undefined 0.004
[23/May/2023:19:12:56 +0800] GET 400 localhost /found/undefined/undefined 0.004
[23/May/2023:19:13:27 +0800] GET 400 localhost /found/undefined/undefined 0.003
[23/May/2023:19:13:33 +0800] GET 400 localhost /found/undefined/undefined 0.004
[23/May/2023:19:13:56 +0800] GET 400 localhost /found/undefined/undefined 0.004
[23/May/2023:19:14:15 +0800] GET 400 localhost /found/undefined/undefined 0.005
[23/May/2023:19:14:32 +0800] GET 400 localhost /found/undefined/undefined 0.003
[23/May/2023:19:14:47 +0800] GET 400 localhost /found/undefined/undefined 0.003
[23/May/2023:19:14:49 +0800] GET 400 localhost /found/undefined/undefined 0.003
[23/May/2023:19:15:30 +0800] GET 400 localhost /found/undefined/undefined 0.003
[23/May/2023:19:15:33 +0800] GET 400 localhost /found/undefined/undefined 0.003
[23/May/2023:19:16:15 +0800] GET 400 localhost /found/undefined/undefined 0.004
[23/May/2023:19:16:50 +0800] GET 400 localhost /found/undefined/undefined 0.004
[23/May/2023:19:16:57 +0800] GET 400 localhost /found/undefined/undefined 0.002
[23/May/2023:19:19:07 +0800] GET 200 localhost /found/$%7Bthis.data.queryObj%7D 0.123
[23/May/2023:19:19:39 +0800] GET 200 localhost /found/%E2%80%98$%7Bthis.data.queryObj%7D 0.004
[23/May/2023:19:19:50 +0800] GET 400 localhost /found/[object%20Object] 0.003
[23/May/2023:19:20:05 +0800] GET 400 localhost /found/[object%20Object] 0.001
[23/May/2023:19:21:55 +0800] GET 400 localhost /found/$%7Bthis.data.queryObj%7D[object%20Object] 0.001
[23/May/2023:19:25:23 +0800] GET 200 localhost /found/$%7Bthis.data.queryObj%7D 0.003
[23/May/2023:19:27:49 +0800] GET 400 localhost /found/$%7Bthis.data.queryObj%7D 0.165
[23/May/2023:19:29:16 +0800] GET 404 localhost /found/$%7Bthis.data.queryObj%7D 0.107
[23/May/2023:19:31:18 +0800] GET 404 localhost /found/$%7Bthis.data.queryObj%7D 0.007
[23/May/2023:19:31:23 +0800] GET 405 localhost /found/ 0.005
[23/May/2023:19:31:31 +0800] GET 405 localhost /found/ 0.003
[23/May/2023:19:31:35 +0800] GET 404 localhost /foun/ 0.005
[23/May/2023:19:31:40 +0800] GET 405 localhost /found 0.002
[23/May/2023:19:32:01 +0800] GET 400 localhost /found 0.127
[23/May/2023:19:32:58 +0800] GET 400 localhost /found 0.125
[23/May/2023:19:33:42 +0800] GET 400 localhost /found 0.003
[23/May/2023:19:35:45 +0800] GET 400 localhost /found 0.005
[23/May/2023:19:36:16 +0800] GET 400 localhost /found 0.003
[23/May/2023:19:36:19 +0800] GET 400 localhost /found 0.003
[23/May/2023:19:36:57 +0800] POST 500 localhost /found 0.334
[23/May/2023:19:37:17 +0800] GET 400 localhost /found 0.005
[23/May/2023:19:37:46 +0800] GET 400 localhost /found 0.120
[23/May/2023:19:39:25 +0800] GET 500 localhost /found 0.160
[23/May/2023:19:40:41 +0800] GET 200 localhost /found 0.110
[23/May/2023:19:41:59 +0800] GET 200 localhost /found 0.109
[23/May/2023:19:42:45 +0800] GET 200 localhost /found 0.099
[23/May/2023:19:43:11 +0800] GET 200 localhost /found 0.118
[23/May/2023:19:44:07 +0800] GET 500 localhost /found 0.151
[23/May/2023:19:48:48 +0800] GET 200 localhost /found 0.164
[23/May/2023:19:49:29 +0800] GET 200 localhost /found 0.003
[23/May/2023:19:49:33 +0800] GET 200 localhost /found 0.003
[23/May/2023:19:52:11 +0800] GET 200 localhost /found 0.394
[23/May/2023:19:52:16 +0800] GET 200 localhost /found 0.138
[23/May/2023:19:52:40 +0800] GET 200 localhost /found 0.140
[23/May/2023:19:53:01 +0800] GET 200 localhost /found 0.141
[23/May/2023:19:53:46 +0800] GET 200 localhost /found 0.423
[23/May/2023:19:55:27 +0800] GET 200 localhost /found 0.150
[23/May/2023:19:55:30 +0800] GET 200 localhost /found 0.148
[23/May/2023:19:55:40 +0800] GET 200 localhost /found 0.144
[23/May/2023:19:55:41 +0800] GET 200 localhost /found 0.097
[23/May/2023:19:55:45 +0800] GET 200 localhost /found 0.143
[23/May/2023:19:55:49 +0800] GET 200 localhost /found 0.142
[23/May/2023:19:55:59 +0800] GET 200 localhost /found 0.151
[23/May/2023:19:56:08 +0800] GET 200 localhost /found 0.144
[23/May/2023:19:56:08 +0800] GET 200 localhost /found 0.097
[23/May/2023:19:56:10 +0800] GET 200 localhost /found 0.100
[23/May/2023:19:56:44 +0800] GET 200 localhost /found 0.146
[23/May/2023:19:56:45 +0800] GET 200 localhost /found 0.096
[23/May/2023:19:56:53 +0800] GET 200 localhost /found 0.142
[23/May/2023:19:56:55 +0800] GET 200 localhost /found 0.143
[23/May/2023:19:57:10 +0800] GET 200 localhost /found 0.147
[23/May/2023:19:57:59 +0800] GET 200 localhost /found 0.144
[23/May/2023:19:58:04 +0800] GET 200 localhost /found 0.143
[23/May/2023:19:58:15 +0800] GET 200 localhost /found 0.144
[23/May/2023:19:59:10 +0800] GET 200 localhost /found 0.144
[23/May/2023:19:59:21 +0800] GET 200 localhost /found 0.147
[23/May/2023:19:59:40 +0800] GET 200 localhost /found 0.142
[23/May/2023:19:59:52 +0800] GET 200 localhost /found 0.142
[23/May/2023:20:00:45 +0800] GET 200 localhost /found 0.143
[23/May/2023:20:00:48 +0800] GET 200 localhost /found 0.143
[23/May/2023:20:00:52 +0800] GET 200 localhost /found 0.145
[23/May/2023:20:00:55 +0800] GET 200 localhost /found 0.142
[23/May/2023:20:00:57 +0800] GET 200 localhost /found 0.095
[23/May/2023:20:01:00 +0800] GET 200 localhost /found 0.141
[23/May/2023:20:01:15 +0800] GET 200 localhost /found 0.147
[23/May/2023:20:01:25 +0800] GET 200 localhost /found 0.143
[23/May/2023:20:01:27 +0800] GET 200 localhost /found 0.094
[23/May/2023:20:01:37 +0800] GET 200 localhost /found 0.236
[23/May/2023:20:01:39 +0800] GET 200 localhost /found 0.097
[23/May/2023:20:01:41 +0800] GET 200 localhost /found 0.141
[23/May/2023:20:01:43 +0800] GET 200 localhost /found 0.140
[23/May/2023:20:03:36 +0800] GET 200 localhost /found 0.143
[23/May/2023:20:03:39 +0800] GET 200 localhost /found 0.142
[23/May/2023:20:05:00 +0800] GET 200 localhost /found 0.154
[23/May/2023:20:05:01 +0800] GET 200 localhost /found 0.093
[23/May/2023:20:05:55 +0800] GET 200 localhost /found 0.143
[23/May/2023:20:05:57 +0800] GET 200 localhost /found 0.096
[23/May/2023:20:06:21 +0800] GET 200 localhost /found 0.145
[23/May/2023:20:06:23 +0800] GET 200 localhost /found 0.094
[23/May/2023:20:14:13 +0800] GET 200 localhost /found 0.143
[23/May/2023:20:14:37 +0800] GET 200 localhost /found 0.144
[23/May/2023:20:15:05 +0800] GET 200 localhost /found 0.144
[23/May/2023:20:15:08 +0800] GET 200 localhost /found 0.142
[23/May/2023:20:16:02 +0800] GET 200 localhost /found 0.141
[23/May/2023:20:16:03 +0800] GET 200 localhost /found 0.094
[23/May/2023:20:16:26 +0800] GET 200 localhost /found 0.160
[23/May/2023:20:16:28 +0800] GET 200 localhost /found 0.095
[23/May/2023:20:16:49 +0800] GET 200 localhost /found 0.144
[23/May/2023:20:16:51 +0800] GET 200 localhost /found 0.094
[23/May/2023:20:19:11 +0800] GET 200 localhost /found 0.464
[23/May/2023:20:19:23 +0800] GET 200 localhost /found 0.140
[23/May/2023:20:20:47 +0800] GET 200 localhost /found 0.142
[23/May/2023:20:21:17 +0800] GET 200 localhost /found 0.144
[23/May/2023:20:21:24 +0800] GET 200 localhost /found 0.141
[23/May/2023:20:21:30 +0800] GET 200 localhost /found 0.143
[23/May/2023:20:21:39 +0800] GET 200 localhost /found 0.143
[23/May/2023:20:21:42 +0800] GET 200 localhost /found 0.140
[23/May/2023:20:23:07 +0800] GET 200 localhost /found 0.143
[23/May/2023:20:23:09 +0800] GET 200 localhost /found 0.095
[23/May/2023:20:23:29 +0800] GET 200 localhost /found 0.143
[23/May/2023:20:23:32 +0800] GET 200 localhost /found 0.146
[23/May/2023:20:23:42 +0800] GET 200 localhost /found 0.197
[23/May/2023:20:23:44 +0800] GET 200 localhost /found 0.096
[23/May/2023:20:23:56 +0800] GET 200 localhost /found 0.141
[23/May/2023:20:23:57 +0800] GET 200 localhost /found 0.093
[23/May/2023:20:24:03 +0800] GET 200 localhost /found 0.140
[23/May/2023:20:24:05 +0800] GET 200 localhost /found 0.093
[23/May/2023:20:24:16 +0800] GET 200 localhost /found 0.143
[23/May/2023:20:24:23 +0800] GET 200 localhost /found 0.141
[23/May/2023:20:24:27 +0800] GET 200 localhost /found 0.151
[23/May/2023:20:24:33 +0800] GET 200 localhost /found 0.141
[23/May/2023:20:24:40 +0800] GET 200 localhost /found 0.141
[23/May/2023:20:24:49 +0800] GET 200 localhost /found 0.141
[23/May/2023:20:24:56 +0800] GET 200 localhost /found 0.142
[23/May/2023:20:25:03 +0800] GET 200 localhost /found 0.185
[23/May/2023:20:25:06 +0800] GET 200 localhost /found 0.149
[23/May/2023:20:25:11 +0800] GET 200 localhost /found 0.141
[23/May/2023:20:25:18 +0800] GET 200 localhost /found 0.142
[23/May/2023:20:25:19 +0800] GET 200 localhost /found 0.093
[23/May/2023:20:25:34 +0800] GET 200 localhost /found 0.140
[23/May/2023:20:25:43 +0800] GET 200 localhost /found 0.145
[23/May/2023:20:28:36 +0800] GET 200 localhost /found 0.144
[23/May/2023:20:29:30 +0800] GET 200 localhost /found 0.142
[23/May/2023:20:29:33 +0800] GET 200 localhost /found 0.142
[23/May/2023:20:29:52 +0800] GET 200 localhost /found 0.145
[23/May/2023:20:30:21 +0800] GET 200 localhost /found 0.147
[23/May/2023:20:31:19 +0800] GET 200 localhost /found 0.145
[23/May/2023:20:32:31 +0800] GET 200 localhost /found 0.147
[23/May/2023:20:32:33 +0800] GET 200 localhost /found 0.095
[23/May/2023:20:33:05 +0800] GET 200 localhost /found 0.145
[23/May/2023:20:33:09 +0800] GET 200 localhost /found 0.143
[23/May/2023:20:33:36 +0800] GET 200 localhost /found 0.146
[23/May/2023:20:33:39 +0800] GET 200 localhost /found 0.143
[23/May/2023:20:33:47 +0800] GET 200 localhost /found 0.146
[23/May/2023:20:34:30 +0800] GET 200 localhost /found 0.144
[23/May/2023:20:34:37 +0800] GET 200 localhost /found 0.146
[23/May/2023:20:34:42 +0800] GET 200 localhost /found 0.144
[23/May/2023:20:34:45 +0800] GET 200 localhost /found 0.142
[23/May/2023:20:34:51 +0800] GET 200 localhost /found 0.143
[23/May/2023:20:34:55 +0800] GET 200 localhost /found 0.141
[23/May/2023:20:35:29 +0800] GET 200 localhost /found 0.202
[23/May/2023:20:35:46 +0800] GET 200 localhost /found 0.145
[23/May/2023:20:35:48 +0800] GET 200 localhost /found 0.094
[23/May/2023:20:36:05 +0800] GET 200 localhost /found 0.255
[23/May/2023:20:36:13 +0800] GET 200 localhost /found 0.147
