[01/Jun/2023:10:19:38 +0800] GET 200 localhost /login 0.751
[01/Jun/2023:10:19:39 +0800] GET 200 localhost /found 1.850
[01/Jun/2023:10:20:09 +0800] GET 200 localhost /found 0.285
[01/Jun/2023:10:20:09 +0800] GET 200 localhost /login 0.574
[01/Jun/2023:10:21:55 +0800] GET 200 localhost /found 0.258
[01/Jun/2023:10:21:56 +0800] GET 200 localhost /login 0.628
[01/Jun/2023:10:21:59 +0800] GET 200 localhost /found 0.411
[01/Jun/2023:10:22:10 +0800] GET 200 localhost /transaction 0.287
[01/Jun/2023:10:24:29 +0800] GET 200 localhost /found 0.645
[01/Jun/2023:10:24:30 +0800] GET 200 localhost /login 0.675
[01/Jun/2023:10:30:50 +0800] GET 200 localhost /login 0.628
[01/Jun/2023:10:30:50 +0800] GET 200 localhost /found 1.480
[01/Jun/2023:10:30:53 +0800] GET 200 localhost /found 0.379
[01/Jun/2023:10:30:58 +0800] GET 200 localhost /found 0.320
[01/Jun/2023:10:30:59 +0800] GET 200 localhost /login 0.626
[01/Jun/2023:10:31:03 +0800] GET 200 localhost /found 0.234
[01/Jun/2023:10:31:04 +0800] GET 200 localhost /login 0.523
[01/Jun/2023:10:31:08 +0800] GET 200 localhost /found 0.278
[01/Jun/2023:10:31:09 +0800] GET 200 localhost /login 0.644
[01/Jun/2023:10:31:12 +0800] GET 200 localhost /found 0.348
[01/Jun/2023:10:31:13 +0800] GET 200 localhost /login 0.560
[01/Jun/2023:10:31:17 +0800] GET 200 localhost /found 0.320
[01/Jun/2023:10:31:18 +0800] GET 200 localhost /login 0.653
[01/Jun/2023:10:31:20 +0800] GET 200 localhost /found 0.246
[01/Jun/2023:10:31:21 +0800] GET 200 localhost /login 0.685
[01/Jun/2023:10:33:27 +0800] GET 200 localhost /found 0.745
[01/Jun/2023:10:33:28 +0800] GET 200 localhost /login 1.499
[01/Jun/2023:10:36:19 +0800] GET 200 localhost /found 0.300
[01/Jun/2023:10:36:20 +0800] GET 200 localhost /login 0.810
[01/Jun/2023:10:37:05 +0800] GET 200 localhost /transaction 0.287
[01/Jun/2023:10:39:38 +0800] GET 500 localhost /transaction 4.103
[01/Jun/2023:10:39:55 +0800] GET 500 localhost /found 25.680
[01/Jun/2023:10:43:40 +0800] GET 200 localhost /login 0.797
[01/Jun/2023:10:43:40 +0800] GET 200 localhost /found 1.686
[01/Jun/2023:10:43:52 +0800] GET 200 localhost /found 0.328
[01/Jun/2023:10:43:56 +0800] GET 200 localhost /transaction 0.323
[01/Jun/2023:10:44:17 +0800] GET 200 localhost /transaction 0.346
[01/Jun/2023:10:44:38 +0800] GET 200 localhost /transaction 0.207
[01/Jun/2023:10:44:43 +0800] GET 200 localhost /transaction 0.313
[01/Jun/2023:10:45:52 +0800] GET 200 localhost /found 0.274
[01/Jun/2023:10:45:53 +0800] GET 200 localhost /login 0.586
[01/Jun/2023:10:46:08 +0800] GET 200 localhost /found 0.259
[01/Jun/2023:10:46:09 +0800] GET 200 localhost /login 0.584
[01/Jun/2023:10:46:10 +0800] GET 200 localhost /found 0.168
[01/Jun/2023:10:46:11 +0800] GET 200 localhost /login 0.615
[01/Jun/2023:10:47:04 +0800] GET 200 localhost /found 0.307
[01/Jun/2023:10:47:05 +0800] GET 200 localhost /login 0.683
[01/Jun/2023:10:47:12 +0800] GET 200 localhost /found 0.229
[01/Jun/2023:10:47:12 +0800] GET 200 localhost /login 0.620
[01/Jun/2023:10:47:14 +0800] GET 200 localhost /found 0.417
[01/Jun/2023:10:47:15 +0800] GET 200 localhost /login 0.517
[01/Jun/2023:10:47:17 +0800] GET 200 localhost /found 0.336
[01/Jun/2023:10:47:17 +0800] GET 200 localhost /login 0.646
[01/Jun/2023:10:47:33 +0800] GET 200 localhost /found 0.391
[01/Jun/2023:10:47:34 +0800] GET 200 localhost /login 0.705
[01/Jun/2023:10:47:49 +0800] GET 200 localhost /found 0.324
[01/Jun/2023:10:47:49 +0800] GET 200 localhost /login 0.559
[01/Jun/2023:10:47:51 +0800] GET 200 localhost /found 0.189
[01/Jun/2023:10:47:51 +0800] GET 200 localhost /login 0.561
[01/Jun/2023:10:47:55 +0800] GET 200 localhost /found 0.292
[01/Jun/2023:10:47:55 +0800] GET 200 localhost /login 0.690
[01/Jun/2023:10:47:57 +0800] GET 200 localhost /found 0.162
[01/Jun/2023:10:47:58 +0800] GET 200 localhost /login 0.696
[01/Jun/2023:10:47:58 +0800] GET 200 localhost /found 0.229
[01/Jun/2023:10:47:59 +0800] GET 200 localhost /login 0.663
[01/Jun/2023:10:48:32 +0800] GET 200 localhost /found 0.277
[01/Jun/2023:10:48:32 +0800] GET 200 localhost /login 0.648
[01/Jun/2023:10:48:34 +0800] GET 200 localhost /found 0.315
[01/Jun/2023:10:48:35 +0800] GET 200 localhost /login 0.665
[01/Jun/2023:10:48:38 +0800] GET 200 localhost /found 0.383
[01/Jun/2023:10:48:38 +0800] GET 200 localhost /login 0.651
[01/Jun/2023:10:49:28 +0800] GET 200 localhost /found 0.975
[01/Jun/2023:10:49:29 +0800] GET 200 localhost /login 1.653
[01/Jun/2023:10:49:30 +0800] GET 200 localhost /found 0.315
[01/Jun/2023:10:49:31 +0800] GET 200 localhost /login 0.556
[01/Jun/2023:10:49:33 +0800] GET 200 localhost /found 0.382
[01/Jun/2023:10:49:33 +0800] GET 200 localhost /login 0.730
[01/Jun/2023:10:49:39 +0800] GET 200 localhost /found 0.385
[01/Jun/2023:10:49:39 +0800] GET 200 localhost /login 0.664
[01/Jun/2023:10:50:11 +0800] GET 200 localhost /found 0.250
[01/Jun/2023:10:50:12 +0800] GET 200 localhost /login 0.617
[01/Jun/2023:10:50:19 +0800] GET 200 localhost /found 0.276
[01/Jun/2023:10:50:19 +0800] GET 200 localhost /found 0.189
[01/Jun/2023:10:50:19 +0800] GET 200 localhost /login 0.534
[01/Jun/2023:10:50:33 +0800] GET 200 localhost /found 0.264
[01/Jun/2023:10:50:33 +0800] GET 200 localhost /login 0.554
[01/Jun/2023:10:51:32 +0800] GET 200 localhost /found 0.231
[01/Jun/2023:10:51:32 +0800] GET 200 localhost /login 0.682
[01/Jun/2023:10:52:22 +0800] GET 200 localhost /found 0.255
[01/Jun/2023:10:52:40 +0800] GET 200 localhost /found 0.399
[01/Jun/2023:10:52:41 +0800] GET 200 localhost /login 0.613
[01/Jun/2023:10:56:11 +0800] GET 200 localhost /found 0.302
[01/Jun/2023:10:56:12 +0800] GET 200 localhost /found 0.180
[01/Jun/2023:10:56:13 +0800] GET 200 localhost /login 0.870
[01/Jun/2023:10:56:16 +0800] GET 200 localhost /found 0.284
[01/Jun/2023:10:56:17 +0800] GET 200 localhost /login 0.554
[01/Jun/2023:10:58:10 +0800] GET 200 localhost /found 0.420
[01/Jun/2023:10:58:11 +0800] GET 200 localhost /found 0.152
[01/Jun/2023:10:58:12 +0800] GET 200 localhost /login 0.539
[01/Jun/2023:10:58:15 +0800] GET 200 localhost /found 0.287
[01/Jun/2023:10:58:15 +0800] GET 200 localhost /login 0.515
[01/Jun/2023:10:58:21 +0800] GET 200 localhost /found 0.270
[01/Jun/2023:10:58:21 +0800] GET 200 localhost /login 0.522
[01/Jun/2023:10:58:26 +0800] GET 200 localhost /found 0.264
[01/Jun/2023:10:58:27 +0800] GET 200 localhost /login 0.529
[01/Jun/2023:10:58:31 +0800] GET 200 localhost /found 0.285
[01/Jun/2023:10:58:31 +0800] GET 200 localhost /login 0.551
[01/Jun/2023:10:58:34 +0800] GET 200 localhost /found 0.354
[01/Jun/2023:10:58:34 +0800] GET 200 localhost /login 0.571
[01/Jun/2023:10:58:37 +0800] GET 200 localhost /found 0.235
[01/Jun/2023:10:58:37 +0800] GET 200 localhost /login 0.569
[01/Jun/2023:10:58:45 +0800] GET 200 localhost /found 0.268
[01/Jun/2023:10:58:45 +0800] GET 200 localhost /login 0.664
[01/Jun/2023:10:58:56 +0800] GET 200 localhost /found 0.222
[01/Jun/2023:10:58:57 +0800] GET 200 localhost /login 0.573
[01/Jun/2023:10:59:03 +0800] GET 200 localhost /found 0.219
[01/Jun/2023:10:59:03 +0800] GET 200 localhost /login 0.504
[01/Jun/2023:11:01:43 +0800] GET 200 localhost /found 0.219
[01/Jun/2023:11:01:44 +0800] GET 200 localhost /login 0.627
[01/Jun/2023:11:01:56 +0800] GET 200 localhost /found 0.238
[01/Jun/2023:11:01:57 +0800] GET 200 localhost /login 0.725
[01/Jun/2023:11:02:02 +0800] GET 200 localhost /found 0.262
[01/Jun/2023:11:02:02 +0800] GET 200 localhost /login 0.500
[01/Jun/2023:11:02:58 +0800] GET 200 localhost /found 0.233
[01/Jun/2023:11:02:58 +0800] GET 200 localhost /login 0.491
[01/Jun/2023:11:05:14 +0800] GET 200 localhost /found 0.249
[01/Jun/2023:11:05:14 +0800] GET 200 localhost /login 0.538
[01/Jun/2023:11:05:46 +0800] GET 200 localhost /found 0.226
[01/Jun/2023:11:05:47 +0800] GET 200 localhost /login 0.653
[01/Jun/2023:11:05:57 +0800] GET 200 localhost /found 0.232
[01/Jun/2023:11:05:57 +0800] GET 200 localhost /login 0.572
[01/Jun/2023:11:06:00 +0800] GET 200 localhost /found 0.209
[01/Jun/2023:11:06:01 +0800] GET 200 localhost /login 0.462
[01/Jun/2023:11:12:38 +0800] GET 200 localhost /found 0.205
[01/Jun/2023:11:12:39 +0800] GET 200 localhost /login 0.690
[01/Jun/2023:11:12:48 +0800] GET 200 localhost /found 0.214
[01/Jun/2023:11:12:49 +0800] GET 200 localhost /login 0.479
[01/Jun/2023:11:12:53 +0800] GET 200 localhost /found 0.228
[01/Jun/2023:11:12:53 +0800] GET 200 localhost /login 0.545
[01/Jun/2023:11:12:56 +0800] GET 200 localhost /found 0.225
[01/Jun/2023:11:12:57 +0800] GET 200 localhost /login 0.484
[01/Jun/2023:11:16:08 +0800] GET 200 localhost /found 0.295
[01/Jun/2023:11:16:08 +0800] GET 200 localhost /login 0.650
[01/Jun/2023:11:16:19 +0800] GET 200 localhost /found 0.286
[01/Jun/2023:11:16:21 +0800] GET 200 localhost /found 0.415
[01/Jun/2023:11:16:22 +0800] GET 200 localhost /login 0.524
[01/Jun/2023:11:16:25 +0800] GET 200 localhost /found 0.213
[01/Jun/2023:11:16:25 +0800] GET 200 localhost /login 0.600
[01/Jun/2023:11:16:58 +0800] GET 200 localhost /found 0.299
[01/Jun/2023:11:16:59 +0800] GET 200 localhost /login 0.572
[01/Jun/2023:11:17:14 +0800] GET 200 localhost /found 0.371
[01/Jun/2023:11:17:15 +0800] GET 200 localhost /login 0.624
[01/Jun/2023:11:17:17 +0800] GET 200 localhost /found 0.207
[01/Jun/2023:11:17:17 +0800] GET 200 localhost /login 0.498
[01/Jun/2023:11:24:03 +0800] GET 200 localhost /found 0.330
[01/Jun/2023:11:24:04 +0800] GET 200 localhost /login 0.724
[01/Jun/2023:11:24:17 +0800] GET 200 localhost /found 0.324
[01/Jun/2023:11:24:18 +0800] GET 200 localhost /login 0.646
[01/Jun/2023:11:24:23 +0800] GET 200 localhost /found 0.306
[01/Jun/2023:11:24:24 +0800] GET 200 localhost /login 0.663
[01/Jun/2023:11:25:56 +0800] GET 200 localhost /found 0.209
[01/Jun/2023:11:25:57 +0800] GET 200 localhost /login 0.646
[01/Jun/2023:11:26:01 +0800] GET 200 localhost /found 0.253
[01/Jun/2023:11:26:01 +0800] GET 200 localhost /login 0.598
[01/Jun/2023:11:26:20 +0800] GET 200 localhost /found 0.246
[01/Jun/2023:11:26:21 +0800] GET 200 localhost /login 0.699
[01/Jun/2023:11:26:26 +0800] GET 200 localhost /found 0.308
[01/Jun/2023:11:26:26 +0800] GET 200 localhost /login 0.554
[01/Jun/2023:11:26:31 +0800] GET 200 localhost /found 0.283
[01/Jun/2023:11:26:31 +0800] GET 200 localhost /login 0.643
[01/Jun/2023:11:26:41 +0800] GET 200 localhost /found 0.278
[01/Jun/2023:11:26:41 +0800] GET 200 localhost /login 0.610
[01/Jun/2023:11:27:01 +0800] GET 200 localhost /found 0.230
[01/Jun/2023:11:27:01 +0800] GET 200 localhost /login 0.677
[01/Jun/2023:11:27:06 +0800] GET 200 localhost /found 0.238
[01/Jun/2023:11:27:07 +0800] GET 200 localhost /login 0.603
[01/Jun/2023:11:27:43 +0800] GET 200 localhost /found 0.431
[01/Jun/2023:11:27:43 +0800] GET 200 localhost /login 0.759
[01/Jun/2023:11:28:00 +0800] GET 200 localhost /found 0.260
[01/Jun/2023:11:28:01 +0800] GET 200 localhost /login 0.564
[01/Jun/2023:11:28:03 +0800] GET 200 localhost /found 0.261
[01/Jun/2023:11:28:04 +0800] GET 200 localhost /login 0.579
[01/Jun/2023:11:28:05 +0800] GET 200 localhost /found 0.162
[01/Jun/2023:11:28:05 +0800] GET 200 localhost /login 0.517
[01/Jun/2023:11:28:28 +0800] GET 200 localhost /found 0.308
[01/Jun/2023:11:28:29 +0800] GET 200 localhost /login 0.636
[01/Jun/2023:11:29:05 +0800] GET 200 localhost /found 0.294
[01/Jun/2023:11:29:06 +0800] GET 200 localhost /login 0.798
[01/Jun/2023:11:29:51 +0800] GET 200 localhost /found 0.316
[01/Jun/2023:11:29:52 +0800] GET 200 localhost /login 0.486
[01/Jun/2023:11:30:44 +0800] GET 200 localhost /found 0.229
[01/Jun/2023:11:30:45 +0800] GET 200 localhost /login 0.649
[01/Jun/2023:11:30:47 +0800] GET 200 localhost /found 0.370
[01/Jun/2023:11:30:47 +0800] GET 200 localhost /login 0.523
[01/Jun/2023:11:31:33 +0800] GET 200 localhost /found 0.400
[01/Jun/2023:11:31:33 +0800] GET 200 localhost /login 0.728
[01/Jun/2023:12:00:08 +0800] GET 200 localhost /login 0.633
[01/Jun/2023:12:00:08 +0800] GET 200 localhost /found 1.136
[01/Jun/2023:12:00:14 +0800] GET 200 localhost /found 0.208
[01/Jun/2023:12:00:15 +0800] GET 200 localhost /login 0.518
[01/Jun/2023:12:00:21 +0800] GET 200 localhost /transaction 0.357
[01/Jun/2023:13:36:24 +0800] GET 200 localhost /login 0.570
[01/Jun/2023:13:36:24 +0800] GET 200 localhost /found 1.009
[01/Jun/2023:13:40:28 +0800] GET 200 localhost /found 0.235
[01/Jun/2023:13:40:29 +0800] GET 200 localhost /login 0.505
[01/Jun/2023:13:40:40 +0800] GET 200 localhost /found 0.212
[01/Jun/2023:13:40:40 +0800] GET 200 localhost /login 0.514
[01/Jun/2023:13:40:43 +0800] GET 200 localhost /transaction 0.272
[01/Jun/2023:13:44:18 +0800] GET 200 localhost /found 0.224
[01/Jun/2023:13:44:18 +0800] GET 200 localhost /login 0.570
[01/Jun/2023:13:44:19 +0800] GET 404 localhost /user 0.062
[01/Jun/2023:13:53:03 +0800] GET 200 localhost /found 0.222
[01/Jun/2023:13:53:05 +0800] GET 200 localhost /found 0.157
[01/Jun/2023:13:53:05 +0800] GET 200 localhost /login 0.513
[01/Jun/2023:13:53:07 +0800] GET 200 localhost /found 0.213
[01/Jun/2023:13:53:08 +0800] GET 200 localhost /login 0.482
[01/Jun/2023:13:53:11 +0800] GET 200 localhost /found 0.229
[01/Jun/2023:13:53:12 +0800] GET 200 localhost /login 0.507
[01/Jun/2023:13:53:12 +0800] GET 404 localhost /user 0.018
[01/Jun/2023:13:53:21 +0800] GET 200 localhost /found 0.219
[01/Jun/2023:13:53:22 +0800] GET 200 localhost /login 0.470
[01/Jun/2023:13:53:22 +0800] GET 404 localhost /user 0.002
[01/Jun/2023:13:53:26 +0800] GET 200 localhost /found 0.203
[01/Jun/2023:13:53:26 +0800] GET 200 localhost /login 0.462
[01/Jun/2023:13:53:26 +0800] GET 404 localhost /user 0.002
[01/Jun/2023:13:53:32 +0800] GET 200 localhost /found 0.226
[01/Jun/2023:13:53:33 +0800] GET 200 localhost /login 0.478
[01/Jun/2023:13:53:34 +0800] GET 200 localhost /found 0.176
[01/Jun/2023:13:53:35 +0800] GET 200 localhost /login 0.528
[01/Jun/2023:13:53:35 +0800] GET 404 localhost /user 0.003
[01/Jun/2023:13:53:37 +0800] GET 200 localhost /found 0.197
[01/Jun/2023:13:53:37 +0800] GET 200 localhost /login 0.460
[01/Jun/2023:13:53:39 +0800] GET 200 localhost /found 0.220
[01/Jun/2023:13:53:39 +0800] GET 200 localhost /login 0.554
[01/Jun/2023:13:53:41 +0800] GET 200 localhost /found 0.228
[01/Jun/2023:13:53:42 +0800] GET 200 localhost /login 0.514
[01/Jun/2023:13:53:42 +0800] GET 404 localhost /user 0.002
[01/Jun/2023:13:53:49 +0800] GET 200 localhost /found 0.230
[01/Jun/2023:13:53:49 +0800] GET 200 localhost /login 0.446
[01/Jun/2023:13:53:49 +0800] GET 404 localhost /user 0.003
[01/Jun/2023:13:54:13 +0800] GET 200 localhost /found 0.239
[01/Jun/2023:13:54:14 +0800] GET 200 localhost /login 0.494
[01/Jun/2023:13:54:14 +0800] GET 404 localhost /user 0.004
[01/Jun/2023:13:54:26 +0800] GET 200 localhost /found 0.228
[01/Jun/2023:13:54:26 +0800] GET 200 localhost /login 0.492
[01/Jun/2023:13:54:26 +0800] GET 404 localhost /user 0.003
[01/Jun/2023:13:54:29 +0800] GET 200 localhost /found 0.239
[01/Jun/2023:13:54:29 +0800] GET 200 localhost /login 0.455
[01/Jun/2023:13:54:31 +0800] GET 200 localhost /found 0.164
[01/Jun/2023:13:54:31 +0800] GET 200 localhost /login 0.447
[01/Jun/2023:13:54:31 +0800] GET 404 localhost /user 0.002
[01/Jun/2023:13:54:40 +0800] GET 200 localhost /found 0.228
[01/Jun/2023:13:54:40 +0800] GET 200 localhost /login 0.451
[01/Jun/2023:13:54:40 +0800] GET 404 localhost /user 0.002
[01/Jun/2023:13:54:52 +0800] GET 200 localhost /found 0.222
[01/Jun/2023:13:54:52 +0800] GET 200 localhost /login 0.472
[01/Jun/2023:13:54:52 +0800] GET 404 localhost /user 0.004
[01/Jun/2023:13:55:04 +0800] GET 200 localhost /found 0.263
[01/Jun/2023:13:55:04 +0800] GET 200 localhost /login 0.496
[01/Jun/2023:13:55:04 +0800] GET 404 localhost /user 0.003
[01/Jun/2023:22:40:14 +0800] GET 200 localhost /found 0.431
[01/Jun/2023:22:40:14 +0800] GET 200 localhost /login 0.568
[01/Jun/2023:22:40:14 +0800] GET 404 localhost /user 0.127
[01/Jun/2023:22:40:53 +0800] GET 200 localhost /found 0.141
[01/Jun/2023:22:40:54 +0800] GET 200 localhost /login 0.438
[01/Jun/2023:22:40:54 +0800] GET 200 localhost /user/o6j6s4iUwPHvInlwRrk1eAAUZ4fI 0.242
[01/Jun/2023:22:41:24 +0800] GET 200 localhost /found 0.140
[01/Jun/2023:22:41:24 +0800] GET 200 localhost /login 0.423
[01/Jun/2023:22:41:24 +0800] GET 200 localhost /user/o6j6s4iUwPHvInlwRrk1eAAUZ4fI 0.098
